#
# There is insufficient memory for the Java Runtime Environment to continue.
# Native memory allocation (mmap) failed to map 455081984 bytes. Error detail: G1 virtual space
# Possible reasons:
#   The system is out of physical RAM or swap space
#   This process is running with CompressedOops enabled, and the Java Heap may be blocking the growth of the native heap
# Possible solutions:
#   Reduce memory load on the system
#   Increase physical memory or swap space
#   Check if swap backing store is full
#   Decrease Java heap size (-Xmx/-Xms)
#   Decrease number of Java threads
#   Decrease Java thread stack sizes (-Xss)
#   Set larger code cache with -XX:ReservedCodeCacheSize=
#   JVM is running with Zero Based Compressed Oops mode in which the Java heap is
#     placed in the first 32GB address space. The Java Heap base address is the
#     maximum limit for the native heap growth. Please use -XX:HeapBaseMinAddress
#     to set the Java Heap base and to place the Java Heap above 32GB virtual address.
# This output file may be truncated or incomplete.
#
#  Out of Memory Error (os_windows.cpp:3564), pid=9964, tid=12024
#
# JRE version: Java(TM) SE Runtime Environment (24.0+36) (build 24+36-3646)
# Java VM: Java HotSpot(TM) 64-Bit Server VM (24+36-3646, mixed mode, sharing, tiered, compressed oops, compressed class ptrs, g1 gc, windows-amd64)
# No core dump will be written. Minidumps are not enabled by default on client versions of Windows
#

---------------  S U M M A R Y ------------

Command Line: --module-path=C:\Users\ACER NITRO 5\.gradle\caches\modules-2\files-2.1\org.openjfx\javafx-fxml\24.0.1\182c98a223c2f3033e3a7dbacb65d039863f7cec\javafx-fxml-24.0.1-win.jar;C:\Users\ACER NITRO 5\.gradle\caches\modules-2\files-2.1\org.openjfx\javafx-web\24.0.1\978c92d29ea9a4ff2c842cfdeab1d4ccc10adb97\javafx-web-24.0.1-win.jar;C:\Users\ACER NITRO 5\.gradle\caches\modules-2\files-2.1\org.openjfx\javafx-controls\24.0.1\1a11fceb872b9d81234601a32b7bd0e9f9d40921\javafx-controls-24.0.1-win.jar;C:\Users\ACER NITRO 5\.gradle\caches\modules-2\files-2.1\org.openjfx\javafx-media\24.0.1\1804cd6df5a66c14fb304d15b7778d7d3a4dc54e\javafx-media-24.0.1-win.jar;C:\Users\ACER NITRO 5\.gradle\caches\modules-2\files-2.1\org.openjfx\javafx-swing\24.0.1\1bda1c4afb0926ae60b0e8f3b563d0a177c4915d\javafx-swing-24.0.1-win.jar;C:\Users\ACER NITRO 5\.gradle\caches\modules-2\files-2.1\org.openjfx\javafx-graphics\24.0.1\d432e25ea9cd73fb28b89658e0cba8b55e2b5b9\javafx-graphics-24.0.1-win.jar;C:\Users\ACER NITRO 5\.gradle\caches\modules-2\files-2.1\org.openjfx\javafx-base\24.0.1\4b10eb55326c5faae8b0fcaff99a0e8a09ee0624\javafx-base-24.0.1-win.jar --add-modules=javafx.controls,javafx.fxml,javafx.graphics,javafx.media,javafx.web,javafx.swing -Dfile.encoding=UTF-8 -Duser.country=US -Duser.language=en -Duser.variant application.Main

Host: 11th Gen Intel(R) Core(TM) i5-11400H @ 2.70GHz, 12 cores, 15G,  Windows 11 , 64 bit Build 26100 (10.0.26100.7705)
Time: Thu Mar  5 16:12:07 2026 SE Asia Standard Time elapsed time: 24.775697 seconds (0d 0h 0m 24s)

---------------  T H R E A D  ---------------

Current thread (0x0000021b7ad1a700):  VMThread "VM Thread"          [id=12024, stack(0x000000554f600000,0x000000554f700000) (1024K)]

Stack: [0x000000554f600000,0x000000554f700000]
Native frames: (J=compiled Java code, j=interpreted, Vv=VM code, C=native code)
V  [jvm.dll+0x7308c9]  (no source info available)
V  [jvm.dll+0x8d9ca3]  (no source info available)
V  [jvm.dll+0x8dc13d]  (no source info available)
V  [jvm.dll+0x8dc7b3]  (no source info available)
V  [jvm.dll+0x2aa046]  (no source info available)
V  [jvm.dll+0x72cdf5]  (no source info available)
V  [jvm.dll+0x72091a]  (no source info available)
V  [jvm.dll+0x390d8a]  (no source info available)
V  [jvm.dll+0x398a96]  (no source info available)
V  [jvm.dll+0x3852de]  (no source info available)
V  [jvm.dll+0x385598]  (no source info available)
V  [jvm.dll+0x35d16c]  (no source info available)
V  [jvm.dll+0x35d1fa]  (no source info available)
V  [jvm.dll+0x3aa7a2]  (no source info available)
V  [jvm.dll+0x3a8e22]  (no source info available)
V  [jvm.dll+0x35c937]  (no source info available)
V  [jvm.dll+0x3a85d4]  (no source info available)
V  [jvm.dll+0x8e2872]  (no source info available)
V  [jvm.dll+0x8e3bbc]  (no source info available)
V  [jvm.dll+0x8e4128]  (no source info available)
V  [jvm.dll+0x8e43c3]  (no source info available)
V  [jvm.dll+0x87d8fb]  (no source info available)
V  [jvm.dll+0x72efe5]  (no source info available)
C  [ucrtbase.dll+0x37b0]  (no source info available)
C  [KERNEL32.DLL+0x2e8d7]  (no source info available)
C  [ntdll.dll+0x8c40c]  (no source info available)

VM_Operation (0x00000055503fe260): G1CollectForAllocation, mode: safepoint, requested by thread 0x0000021b45c2ef40


---------------  P R O C E S S  ---------------

Threads class SMR info:
_java_thread_list=0x0000021b45600b60, length=18, elements={
0x0000021b592b3f00, 0x0000021b7ad2c6c0, 0x0000021b7ad2cf00, 0x0000021b7ad2e5a0,
0x0000021b45035000, 0x0000021b450366a0, 0x0000021b45039280, 0x0000021b4503d9b0,
0x0000021b45048c90, 0x0000021b450d6300, 0x0000021b453edd60, 0x0000021b45c2ef40,
0x0000021b45d723b0, 0x0000021b45d5a000, 0x0000021b46077c50, 0x0000021b460dda10,
0x0000021b46146900, 0x0000021b4614ec10
}

Java Threads: ( => current thread )
  0x0000021b592b3f00 JavaThread "main"                              [_thread_blocked, id=25452, stack(0x000000554ef00000,0x000000554f000000) (1024K)]
  0x0000021b7ad2c6c0 JavaThread "Reference Handler"          daemon [_thread_blocked, id=8408, stack(0x000000554f700000,0x000000554f800000) (1024K)]
  0x0000021b7ad2cf00 JavaThread "Finalizer"                  daemon [_thread_blocked, id=25464, stack(0x000000554f800000,0x000000554f900000) (1024K)]
  0x0000021b7ad2e5a0 JavaThread "Signal Dispatcher"          daemon [_thread_blocked, id=2488, stack(0x000000554f900000,0x000000554fa00000) (1024K)]
  0x0000021b45035000 JavaThread "Attach Listener"            daemon [_thread_blocked, id=12920, stack(0x000000554fa00000,0x000000554fb00000) (1024K)]
  0x0000021b450366a0 JavaThread "Service Thread"             daemon [_thread_blocked, id=18088, stack(0x000000554fb00000,0x000000554fc00000) (1024K)]
  0x0000021b45039280 JavaThread "Monitor Deflation Thread"   daemon [_thread_blocked, id=5520, stack(0x000000554fc00000,0x000000554fd00000) (1024K)]
  0x0000021b4503d9b0 JavaThread "C2 CompilerThread0"         daemon [_thread_blocked, id=9496, stack(0x000000554fd00000,0x000000554fe00000) (1024K)]
  0x0000021b45048c90 JavaThread "C1 CompilerThread0"         daemon [_thread_blocked, id=9748, stack(0x000000554fe00000,0x000000554ff00000) (1024K)]
  0x0000021b450d6300 JavaThread "Common-Cleaner"             daemon [_thread_blocked, id=22052, stack(0x000000554ff00000,0x0000005550000000) (1024K)]
  0x0000021b453edd60 JavaThread "Notification Thread"        daemon [_thread_blocked, id=21880, stack(0x0000005550200000,0x0000005550300000) (1024K)]
  0x0000021b45c2ef40 JavaThread "QuantumRenderer-0"          daemon [_thread_blocked, id=9036, stack(0x0000005550300000,0x0000005550400000) (1024K)]
  0x0000021b45d723b0 JavaThread "InvokeLaterDispatcher"      daemon [_thread_blocked, id=15052, stack(0x0000005550400000,0x0000005550500000) (1024K)]
  0x0000021b45d5a000 JavaThread "JavaFX Application Thread"         [_thread_in_native, id=2284, stack(0x0000005550500000,0x0000005550600000) (1024K)]
  0x0000021b46077c50 JavaThread "JavaFX-Launcher"                   [_thread_blocked, id=2884, stack(0x0000005550f00000,0x0000005551000000) (1024K)]
  0x0000021b460dda10 JavaThread "Thread-2"                   daemon [_thread_blocked, id=10608, stack(0x0000005550e00000,0x0000005550f00000) (1024K)]
  0x0000021b46146900 JavaThread "Prism Font Disposer"        daemon [_thread_blocked, id=18456, stack(0x0000005551000000,0x0000005551100000) (1024K)]
  0x0000021b4614ec10 JavaThread "Cleaner-0"                  daemon [_thread_blocked, id=18356, stack(0x0000005551800000,0x0000005551900000) (1024K)]
Total: 18

Other Threads:
=>0x0000021b7ad1a700 VMThread "VM Thread"                           [id=12024, stack(0x000000554f600000,0x000000554f700000) (1024K)]
  0x0000021b7ad0ca70 WatcherThread "VM Periodic Task Thread"        [id=23924, stack(0x000000554f500000,0x000000554f600000) (1024K)]
  0x0000021b5b727620 WorkerThread "GC Thread#0"                     [id=13656, stack(0x000000554f000000,0x000000554f100000) (1024K)]
  0x0000021b46230400 WorkerThread "GC Thread#1"                     [id=25176, stack(0x0000005551100000,0x0000005551200000) (1024K)]
  0x0000021b4e81ad30 WorkerThread "GC Thread#2"                     [id=16900, stack(0x0000005551200000,0x0000005551300000) (1024K)]
  0x0000021b4d81acf0 WorkerThread "GC Thread#3"                     [id=11916, stack(0x0000005551300000,0x0000005551400000) (1024K)]
  0x0000021b46a680d0 WorkerThread "GC Thread#4"                     [id=17684, stack(0x0000005551400000,0x0000005551500000) (1024K)]
  0x0000021b46a69090 WorkerThread "GC Thread#5"                     [id=19200, stack(0x0000005551500000,0x0000005551600000) (1024K)]
  0x0000021b4fcd25d0 WorkerThread "GC Thread#6"                     [id=22352, stack(0x0000005551900000,0x0000005551a00000) (1024K)]
  0x0000021b456059d0 WorkerThread "GC Thread#7"                     [id=21624, stack(0x0000005550000000,0x0000005550100000) (1024K)]
  0x0000021b45604ec0 WorkerThread "GC Thread#8"                     [id=20564, stack(0x0000005551c00000,0x0000005551d00000) (1024K)]
  0x0000021b45606890 WorkerThread "GC Thread#9"                     [id=2176, stack(0x0000005551d00000,0x0000005551e00000) (1024K)]
  0x0000021b5b73c250 ConcurrentGCThread "G1 Main Marker"            [id=17740, stack(0x000000554f100000,0x000000554f200000) (1024K)]
  0x0000021b5b73e460 WorkerThread "G1 Conc#0"                       [id=15596, stack(0x000000554f200000,0x000000554f300000) (1024K)]
  0x0000021b45604b10 WorkerThread "G1 Conc#1"                       [id=23600, stack(0x0000005551a00000,0x0000005551b00000) (1024K)]
  0x0000021b456043b0 WorkerThread "G1 Conc#2"                       [id=11836, stack(0x0000005551b00000,0x0000005551c00000) (1024K)]
  0x0000021b5b77e790 ConcurrentGCThread "G1 Refine#0"               [id=11856, stack(0x000000554f300000,0x000000554f400000) (1024K)]
  0x0000021b7abc9bf0 ConcurrentGCThread "G1 Service"                [id=9212, stack(0x000000554f400000,0x000000554f500000) (1024K)]
Total: 18

Threads with active compile tasks:
Total: 0

VM state: at safepoint (normal execution)

VM Mutex/Monitor currently owned by a thread:  ([mutex/lock_event])
[0x00007ffde7fa44c0] Threads_lock - owner thread: 0x0000021b7ad1a700
[0x00007ffde7fa45c0] Heap_lock - owner thread: 0x0000021b45c2ef40

Heap address: 0x0000000703a00000, size: 4038 MB, Compressed Oops mode: Zero based, Oop shift amount: 3

CDS archive(s) mapped at: [0x0000021b00000000-0x0000021b00d40000-0x0000021b00d40000), size 13893632, SharedBaseAddress: 0x0000021b00000000, ArchiveRelocationMode: 1.
Compressed class space mapped at: 0x0000021b01000000-0x0000021b41000000, reserved size: 1073741824
UseCompressedClassPointers 1, UseCompactObjectHeaders 0
Narrow klass pointer bits 32, Max shift 3
Narrow klass base: 0x0000021b00000000, Narrow klass shift: 0
Encoding Range: [0x0000021b00000000 - 0x0000021c00000000), (4294967296 bytes)
Klass Range:    [0x0000021b00000000 - 0x0000021b41000000), (1090519040 bytes)
Klass ID Range:  [8 - 1090519033) (1090519025)

GC Precious Log:
 CardTable entry size: 512
 Card Set container configuration: InlinePtr #cards 4 size 8 Array Of Cards #cards 16 size 48 Howl #buckets 8 coarsen threshold 3686 Howl Bitmap #cards 512 size 80 coarsen threshold 460 Card regions per heap region 1 cards per card region 4096
 CPUs: 12 total, 12 available
 Memory: 16147M
 Large Page Support: Disabled
 NUMA Support: Disabled
 Compressed Oops: Enabled (Zero based)
 Heap Region Size: 2M
 Heap Min Capacity: 8M
 Heap Initial Capacity: 254M
 Heap Max Capacity: 4038M
 Pre-touch: Disabled
 Parallel Workers: 10
 Concurrent Workers: 3
 Concurrent Refinement Workers: 10
 Periodic GC: Disabled

Heap:
 garbage-first heap   total reserved 4134912K, committed 444416K, used 286189K [0x0000000703a00000, 0x0000000800000000)
  region size 2048K, 5 young (10240K), 5 survivors (10240K)
 Metaspace       used 15428K, committed 15616K, reserved 1114112K
  class space    used 1877K, committed 1984K, reserved 1048576K

Heap Regions: E=young(eden), S=young(survivor), O=old, HS=humongous(starts), HC=humongous(continues), CS=collection set, F=free, TAMS=top-at-mark-start, PB=parsable bottom
|   0|0x0000000703a00000, 0x0000000703c00000, 0x0000000703c00000|100%|HS|  |TAMS 0x0000000703a00000| PB 0x0000000703a00000| Complete |  0
|   1|0x0000000703c00000, 0x0000000703e00000, 0x0000000703e00000|100%|HC|  |TAMS 0x0000000703c00000| PB 0x0000000703c00000| Complete |  0
|   2|0x0000000703e00000, 0x0000000704000000, 0x0000000704000000|100%|HC|  |TAMS 0x0000000703e00000| PB 0x0000000703e00000| Complete |  0
|   3|0x0000000704000000, 0x0000000704000000, 0x0000000704200000|  0%| F|  |TAMS 0x0000000704000000| PB 0x0000000704000000| Untracked |  0
|   4|0x0000000704200000, 0x0000000704400000, 0x0000000704400000|100%|HS|  |TAMS 0x0000000704200000| PB 0x0000000704200000| Complete |  0
|   5|0x0000000704400000, 0x0000000704600000, 0x0000000704600000|100%|HC|  |TAMS 0x0000000704400000| PB 0x0000000704400000| Complete |  0
|   6|0x0000000704600000, 0x0000000704800000, 0x0000000704800000|100%|HC|  |TAMS 0x0000000704600000| PB 0x0000000704600000| Complete |  0
|   7|0x0000000704800000, 0x0000000704a00000, 0x0000000704a00000|100%| O|  |TAMS 0x0000000704800000| PB 0x0000000704800000| Untracked |  0
|   8|0x0000000704a00000, 0x0000000704c00000, 0x0000000704c00000|100%|HS|  |TAMS 0x0000000704a00000| PB 0x0000000704a00000| Complete |  0
|   9|0x0000000704c00000, 0x0000000704e00000, 0x0000000704e00000|100%|HC|  |TAMS 0x0000000704c00000| PB 0x0000000704c00000| Complete |  0
|  10|0x0000000704e00000, 0x0000000705000000, 0x0000000705000000|100%|HC|  |TAMS 0x0000000704e00000| PB 0x0000000704e00000| Complete |  0
|  11|0x0000000705000000, 0x0000000705200000, 0x0000000705200000|100%| O|  |TAMS 0x0000000705000000| PB 0x0000000705000000| Untracked |  0
|  12|0x0000000705200000, 0x0000000705400000, 0x0000000705400000|100%|HS|  |TAMS 0x0000000705200000| PB 0x0000000705200000| Complete |  0
|  13|0x0000000705400000, 0x0000000705600000, 0x0000000705600000|100%|HC|  |TAMS 0x0000000705400000| PB 0x0000000705400000| Complete |  0
|  14|0x0000000705600000, 0x0000000705800000, 0x0000000705800000|100%|HC|  |TAMS 0x0000000705600000| PB 0x0000000705600000| Complete |  0
|  15|0x0000000705800000, 0x0000000705a00000, 0x0000000705a00000|100%| O|  |TAMS 0x0000000705800000| PB 0x0000000705800000| Untracked |  0
|  16|0x0000000705a00000, 0x0000000705c00000, 0x0000000705c00000|100%|HS|  |TAMS 0x0000000705a00000| PB 0x0000000705a00000| Complete |  0
|  17|0x0000000705c00000, 0x0000000705e00000, 0x0000000705e00000|100%|HC|  |TAMS 0x0000000705c00000| PB 0x0000000705c00000| Complete |  0
|  18|0x0000000705e00000, 0x0000000706000000, 0x0000000706000000|100%|HC|  |TAMS 0x0000000705e00000| PB 0x0000000705e00000| Complete |  0
|  19|0x0000000706000000, 0x0000000706200000, 0x0000000706200000|100%| O|  |TAMS 0x0000000706000000| PB 0x0000000706000000| Untracked |  0
|  20|0x0000000706200000, 0x0000000706400000, 0x0000000706400000|100%| O|  |TAMS 0x0000000706200000| PB 0x0000000706200000| Untracked |  0
|  21|0x0000000706400000, 0x0000000706600000, 0x0000000706600000|100%|HS|  |TAMS 0x0000000706400000| PB 0x0000000706400000| Complete |  0
|  22|0x0000000706600000, 0x0000000706800000, 0x0000000706800000|100%|HC|  |TAMS 0x0000000706600000| PB 0x0000000706600000| Complete |  0
|  23|0x0000000706800000, 0x0000000706a00000, 0x0000000706a00000|100%|HC|  |TAMS 0x0000000706800000| PB 0x0000000706800000| Complete |  0
|  24|0x0000000706a00000, 0x0000000706c00000, 0x0000000706c00000|100%|HS|  |TAMS 0x0000000706a00000| PB 0x0000000706a00000| Complete |  0
|  25|0x0000000706c00000, 0x0000000706e00000, 0x0000000706e00000|100%|HC|  |TAMS 0x0000000706c00000| PB 0x0000000706c00000| Complete |  0
|  26|0x0000000706e00000, 0x0000000707000000, 0x0000000707000000|100%|HC|  |TAMS 0x0000000706e00000| PB 0x0000000706e00000| Complete |  0
|  27|0x0000000707000000, 0x0000000707200000, 0x0000000707200000|100%|HS|  |TAMS 0x0000000707000000| PB 0x0000000707000000| Complete |  0
|  28|0x0000000707200000, 0x0000000707400000, 0x0000000707400000|100%|HC|  |TAMS 0x0000000707200000| PB 0x0000000707200000| Complete |  0
|  29|0x0000000707400000, 0x0000000707600000, 0x0000000707600000|100%|HC|  |TAMS 0x0000000707400000| PB 0x0000000707400000| Complete |  0
|  30|0x0000000707600000, 0x0000000707800000, 0x0000000707800000|100%|HS|  |TAMS 0x0000000707600000| PB 0x0000000707600000| Complete |  0
|  31|0x0000000707800000, 0x0000000707a00000, 0x0000000707a00000|100%|HC|  |TAMS 0x0000000707800000| PB 0x0000000707800000| Complete |  0
|  32|0x0000000707a00000, 0x0000000707c00000, 0x0000000707c00000|100%|HC|  |TAMS 0x0000000707a00000| PB 0x0000000707a00000| Complete |  0
|  33|0x0000000707c00000, 0x0000000707e00000, 0x0000000707e00000|100%|HS|  |TAMS 0x0000000707c00000| PB 0x0000000707c00000| Complete |  0
|  34|0x0000000707e00000, 0x0000000708000000, 0x0000000708000000|100%|HS|  |TAMS 0x0000000707e00000| PB 0x0000000707e00000| Complete |  0
|  35|0x0000000708000000, 0x0000000708200000, 0x0000000708200000|100%|HC|  |TAMS 0x0000000708000000| PB 0x0000000708000000| Complete |  0
|  36|0x0000000708200000, 0x0000000708400000, 0x0000000708400000|100%|HC|  |TAMS 0x0000000708200000| PB 0x0000000708200000| Complete |  0
|  37|0x0000000708400000, 0x0000000708600000, 0x0000000708600000|100%| O|  |TAMS 0x0000000708400000| PB 0x0000000708400000| Untracked |  0
|  38|0x0000000708600000, 0x0000000708800000, 0x0000000708800000|100%|HS|  |TAMS 0x0000000708600000| PB 0x0000000708600000| Complete |  0
|  39|0x0000000708800000, 0x0000000708a00000, 0x0000000708a00000|100%|HS|  |TAMS 0x0000000708800000| PB 0x0000000708800000| Complete |  0
|  40|0x0000000708a00000, 0x0000000708c00000, 0x0000000708c00000|100%| O|  |TAMS 0x0000000708a00000| PB 0x0000000708a00000| Untracked |  0
|  41|0x0000000708c00000, 0x0000000708e00000, 0x0000000708e00000|100%| O|  |TAMS 0x0000000708c00000| PB 0x0000000708c00000| Untracked |  0
|  42|0x0000000708e00000, 0x0000000709000000, 0x0000000709000000|100%| O|  |TAMS 0x0000000708e00000| PB 0x0000000708e00000| Untracked |  0
|  43|0x0000000709000000, 0x0000000709200000, 0x0000000709200000|100%| O|  |TAMS 0x0000000709000000| PB 0x0000000709000000| Untracked |  0
|  44|0x0000000709200000, 0x0000000709400000, 0x0000000709400000|100%| O|  |TAMS 0x0000000709200000| PB 0x0000000709200000| Untracked |  0
|  45|0x0000000709400000, 0x0000000709600000, 0x0000000709600000|100%| O|  |TAMS 0x0000000709400000| PB 0x0000000709400000| Untracked |  0
|  46|0x0000000709600000, 0x0000000709800000, 0x0000000709800000|100%| O|  |TAMS 0x0000000709600000| PB 0x0000000709600000| Untracked |  0
|  47|0x0000000709800000, 0x0000000709a00000, 0x0000000709a00000|100%| O|  |TAMS 0x0000000709800000| PB 0x0000000709800000| Untracked |  0
|  48|0x0000000709a00000, 0x0000000709c00000, 0x0000000709c00000|100%| O|  |TAMS 0x0000000709a00000| PB 0x0000000709a00000| Untracked |  0
|  49|0x0000000709c00000, 0x0000000709e00000, 0x0000000709e00000|100%| O|  |TAMS 0x0000000709c00000| PB 0x0000000709c00000| Untracked |  0
|  50|0x0000000709e00000, 0x000000070a000000, 0x000000070a000000|100%| O|  |TAMS 0x0000000709e00000| PB 0x0000000709e00000| Untracked |  0
|  51|0x000000070a000000, 0x000000070a200000, 0x000000070a200000|100%| O|  |TAMS 0x000000070a000000| PB 0x000000070a000000| Untracked |  0
|  52|0x000000070a200000, 0x000000070a400000, 0x000000070a400000|100%| O|  |TAMS 0x000000070a200000| PB 0x000000070a200000| Untracked |  0
|  53|0x000000070a400000, 0x000000070a600000, 0x000000070a600000|100%| O|  |TAMS 0x000000070a400000| PB 0x000000070a400000| Untracked |  0
|  54|0x000000070a600000, 0x000000070a800000, 0x000000070a800000|100%| O|  |TAMS 0x000000070a600000| PB 0x000000070a600000| Untracked |  0
|  55|0x000000070a800000, 0x000000070aa00000, 0x000000070aa00000|100%| O|  |TAMS 0x000000070a800000| PB 0x000000070a800000| Untracked |  0
|  56|0x000000070aa00000, 0x000000070ac00000, 0x000000070ac00000|100%| O|  |TAMS 0x000000070aa00000| PB 0x000000070aa00000| Untracked |  0
|  57|0x000000070ac00000, 0x000000070ae00000, 0x000000070ae00000|100%| O|  |TAMS 0x000000070ac00000| PB 0x000000070ac00000| Untracked |  0
|  58|0x000000070ae00000, 0x000000070b000000, 0x000000070b000000|100%| O|  |TAMS 0x000000070ae00000| PB 0x000000070ae00000| Untracked |  0
|  59|0x000000070b000000, 0x000000070b200000, 0x000000070b200000|100%| O|  |TAMS 0x000000070b000000| PB 0x000000070b000000| Untracked |  0
|  60|0x000000070b200000, 0x000000070b400000, 0x000000070b400000|100%| O|  |TAMS 0x000000070b200000| PB 0x000000070b200000| Untracked |  0
|  61|0x000000070b400000, 0x000000070b600000, 0x000000070b600000|100%| O|  |TAMS 0x000000070b400000| PB 0x000000070b400000| Untracked |  0
|  62|0x000000070b600000, 0x000000070b800000, 0x000000070b800000|100%| O|  |TAMS 0x000000070b600000| PB 0x000000070b600000| Untracked |  0
|  63|0x000000070b800000, 0x000000070ba00000, 0x000000070ba00000|100%| O|  |TAMS 0x000000070b800000| PB 0x000000070b800000| Untracked |  0
|  64|0x000000070ba00000, 0x000000070bc00000, 0x000000070bc00000|100%| O|  |TAMS 0x000000070ba00000| PB 0x000000070ba00000| Untracked |  0
|  65|0x000000070bc00000, 0x000000070be00000, 0x000000070be00000|100%| O|  |TAMS 0x000000070bc00000| PB 0x000000070bc00000| Untracked |  0
|  66|0x000000070be00000, 0x000000070c000000, 0x000000070c000000|100%| O|  |TAMS 0x000000070be00000| PB 0x000000070be00000| Untracked |  0
|  67|0x000000070c000000, 0x000000070c200000, 0x000000070c200000|100%| O|  |TAMS 0x000000070c000000| PB 0x000000070c000000| Untracked |  0
|  68|0x000000070c200000, 0x000000070c400000, 0x000000070c400000|100%| O|  |TAMS 0x000000070c200000| PB 0x000000070c200000| Untracked |  0
|  69|0x000000070c400000, 0x000000070c600000, 0x000000070c600000|100%| O|  |TAMS 0x000000070c400000| PB 0x000000070c400000| Untracked |  0
|  70|0x000000070c600000, 0x000000070c800000, 0x000000070c800000|100%| O|  |TAMS 0x000000070c600000| PB 0x000000070c600000| Untracked |  0
|  71|0x000000070c800000, 0x000000070ca00000, 0x000000070ca00000|100%| O|  |TAMS 0x000000070c800000| PB 0x000000070c800000| Untracked |  0
|  72|0x000000070ca00000, 0x000000070cc00000, 0x000000070cc00000|100%| O|  |TAMS 0x000000070ca00000| PB 0x000000070ca00000| Untracked |  0
|  73|0x000000070cc00000, 0x000000070ce00000, 0x000000070ce00000|100%| O|  |TAMS 0x000000070cc00000| PB 0x000000070cc00000| Untracked |  0
|  74|0x000000070ce00000, 0x000000070d000000, 0x000000070d000000|100%| O|  |TAMS 0x000000070ce00000| PB 0x000000070ce00000| Untracked |  0
|  75|0x000000070d000000, 0x000000070d200000, 0x000000070d200000|100%| O|  |TAMS 0x000000070d000000| PB 0x000000070d000000| Untracked |  0
|  76|0x000000070d200000, 0x000000070d400000, 0x000000070d400000|100%| O|  |TAMS 0x000000070d200000| PB 0x000000070d200000| Untracked |  0
|  77|0x000000070d400000, 0x000000070d600000, 0x000000070d600000|100%| O|  |TAMS 0x000000070d400000| PB 0x000000070d400000| Untracked |  0
|  78|0x000000070d600000, 0x000000070d800000, 0x000000070d800000|100%| O|  |TAMS 0x000000070d600000| PB 0x000000070d600000| Untracked |  0
|  79|0x000000070d800000, 0x000000070da00000, 0x000000070da00000|100%| O|  |TAMS 0x000000070d800000| PB 0x000000070d800000| Untracked |  0
|  80|0x000000070da00000, 0x000000070dc00000, 0x000000070dc00000|100%| O|  |TAMS 0x000000070da00000| PB 0x000000070da00000| Untracked |  0
|  81|0x000000070dc00000, 0x000000070de00000, 0x000000070de00000|100%| O|  |TAMS 0x000000070dc00000| PB 0x000000070dc00000| Untracked |  0
|  82|0x000000070de00000, 0x000000070e000000, 0x000000070e000000|100%| O|  |TAMS 0x000000070de00000| PB 0x000000070de00000| Untracked |  0
|  83|0x000000070e000000, 0x000000070e200000, 0x000000070e200000|100%| O|  |TAMS 0x000000070e000000| PB 0x000000070e000000| Untracked |  0
|  84|0x000000070e200000, 0x000000070e400000, 0x000000070e400000|100%| O|  |TAMS 0x000000070e200000| PB 0x000000070e200000| Untracked |  0
|  85|0x000000070e400000, 0x000000070e600000, 0x000000070e600000|100%| O|  |TAMS 0x000000070e400000| PB 0x000000070e400000| Untracked |  0
|  86|0x000000070e600000, 0x000000070e800000, 0x000000070e800000|100%| O|  |TAMS 0x000000070e600000| PB 0x000000070e600000| Untracked |  0
|  87|0x000000070e800000, 0x000000070ea00000, 0x000000070ea00000|100%| O|  |TAMS 0x000000070e800000| PB 0x000000070e800000| Untracked |  0
|  88|0x000000070ea00000, 0x000000070ec00000, 0x000000070ec00000|100%| O|  |TAMS 0x000000070ea00000| PB 0x000000070ea00000| Untracked |  0
|  89|0x000000070ec00000, 0x000000070ee00000, 0x000000070ee00000|100%|HS|  |TAMS 0x000000070ec00000| PB 0x000000070ec00000| Complete |  0
|  90|0x000000070ee00000, 0x000000070f000000, 0x000000070f000000|100%|HC|  |TAMS 0x000000070ee00000| PB 0x000000070ee00000| Complete |  0
|  91|0x000000070f000000, 0x000000070f200000, 0x000000070f200000|100%|HC|  |TAMS 0x000000070f000000| PB 0x000000070f000000| Complete |  0
|  92|0x000000070f200000, 0x000000070f400000, 0x000000070f400000|100%| O|  |TAMS 0x000000070f200000| PB 0x000000070f200000| Untracked |  0
|  93|0x000000070f400000, 0x000000070f400000, 0x000000070f600000|  0%| F|  |TAMS 0x000000070f400000| PB 0x000000070f400000| Untracked |  0
|  94|0x000000070f600000, 0x000000070f800000, 0x000000070f800000|100%| O|  |TAMS 0x000000070f600000| PB 0x000000070f600000| Untracked |  0
|  95|0x000000070f800000, 0x000000070fa00000, 0x000000070fa00000|100%| O|  |TAMS 0x000000070f800000| PB 0x000000070f800000| Untracked |  0
|  96|0x000000070fa00000, 0x000000070fc00000, 0x000000070fc00000|100%| O|  |TAMS 0x000000070fa00000| PB 0x000000070fa00000| Untracked |  0
|  97|0x000000070fc00000, 0x000000070fe00000, 0x000000070fe00000|100%| O|  |TAMS 0x000000070fc00000| PB 0x000000070fc00000| Untracked |  0
|  98|0x000000070fe00000, 0x0000000710000000, 0x0000000710000000|100%| O|  |TAMS 0x000000070fe00000| PB 0x000000070fe00000| Untracked |  0
|  99|0x0000000710000000, 0x0000000710200000, 0x0000000710200000|100%| O|  |TAMS 0x0000000710000000| PB 0x0000000710000000| Untracked |  0
| 100|0x0000000710200000, 0x0000000710400000, 0x0000000710400000|100%| O|  |TAMS 0x0000000710200000| PB 0x0000000710200000| Untracked |  0
| 101|0x0000000710400000, 0x0000000710600000, 0x0000000710600000|100%| O|  |TAMS 0x0000000710400000| PB 0x0000000710400000| Untracked |  0
| 102|0x0000000710600000, 0x0000000710800000, 0x0000000710800000|100%| O|  |TAMS 0x0000000710600000| PB 0x0000000710600000| Untracked |  0
| 103|0x0000000710800000, 0x0000000710a00000, 0x0000000710a00000|100%| O|  |TAMS 0x0000000710800000| PB 0x0000000710800000| Untracked |  0
| 104|0x0000000710a00000, 0x0000000710c00000, 0x0000000710c00000|100%| O|  |TAMS 0x0000000710a00000| PB 0x0000000710a00000| Untracked |  0
| 105|0x0000000710c00000, 0x0000000710e00000, 0x0000000710e00000|100%| O|  |TAMS 0x0000000710c00000| PB 0x0000000710c00000| Untracked |  0
| 106|0x0000000710e00000, 0x0000000711000000, 0x0000000711000000|100%| O|  |TAMS 0x0000000710e00000| PB 0x0000000710e00000| Untracked |  0
| 107|0x0000000711000000, 0x0000000711200000, 0x0000000711200000|100%| O|  |TAMS 0x0000000711000000| PB 0x0000000711000000| Untracked |  0
| 108|0x0000000711200000, 0x0000000711400000, 0x0000000711400000|100%| O|  |TAMS 0x0000000711200000| PB 0x0000000711200000| Untracked |  0
| 109|0x0000000711400000, 0x0000000711600000, 0x0000000711600000|100%| O|  |TAMS 0x0000000711400000| PB 0x0000000711400000| Untracked |  0
| 110|0x0000000711600000, 0x0000000711800000, 0x0000000711800000|100%| O|  |TAMS 0x0000000711600000| PB 0x0000000711600000| Untracked |  0
| 111|0x0000000711800000, 0x0000000711a00000, 0x0000000711a00000|100%| O|  |TAMS 0x0000000711800000| PB 0x0000000711800000| Untracked |  0
| 112|0x0000000711a00000, 0x0000000711c00000, 0x0000000711c00000|100%| O|  |TAMS 0x0000000711a00000| PB 0x0000000711a00000| Untracked |  0
| 113|0x0000000711c00000, 0x0000000711e00000, 0x0000000711e00000|100%| O|  |TAMS 0x0000000711c00000| PB 0x0000000711c00000| Untracked |  0
| 114|0x0000000711e00000, 0x0000000712000000, 0x0000000712000000|100%| O|  |TAMS 0x0000000711e00000| PB 0x0000000711e00000| Untracked |  0
| 115|0x0000000712000000, 0x0000000712200000, 0x0000000712200000|100%| O|  |TAMS 0x0000000712000000| PB 0x0000000712000000| Untracked |  0
| 116|0x0000000712200000, 0x0000000712400000, 0x0000000712400000|100%| O|  |TAMS 0x0000000712200000| PB 0x0000000712200000| Untracked |  0
| 117|0x0000000712400000, 0x0000000712600000, 0x0000000712600000|100%| O|  |TAMS 0x0000000712400000| PB 0x0000000712400000| Untracked |  0
| 118|0x0000000712600000, 0x0000000712800000, 0x0000000712800000|100%| O|  |TAMS 0x0000000712600000| PB 0x0000000712600000| Untracked |  0
| 119|0x0000000712800000, 0x0000000712a00000, 0x0000000712a00000|100%| O|  |TAMS 0x0000000712800000| PB 0x0000000712800000| Untracked |  0
| 120|0x0000000712a00000, 0x0000000712c00000, 0x0000000712c00000|100%| O|  |TAMS 0x0000000712a00000| PB 0x0000000712a00000| Untracked |  0
| 121|0x0000000712c00000, 0x0000000712e00000, 0x0000000712e00000|100%| O|  |TAMS 0x0000000712c00000| PB 0x0000000712c00000| Untracked |  0
| 122|0x0000000712e00000, 0x0000000713000000, 0x0000000713000000|100%| O|  |TAMS 0x0000000712e00000| PB 0x0000000712e00000| Untracked |  0
| 123|0x0000000713000000, 0x0000000713200000, 0x0000000713200000|100%| O|  |TAMS 0x0000000713000000| PB 0x0000000713000000| Untracked |  0
| 124|0x0000000713200000, 0x0000000713400000, 0x0000000713400000|100%| O|  |TAMS 0x0000000713200000| PB 0x0000000713200000| Untracked |  0
| 125|0x0000000713400000, 0x0000000713600000, 0x0000000713600000|100%| O|  |TAMS 0x0000000713400000| PB 0x0000000713400000| Untracked |  0
| 126|0x0000000713600000, 0x0000000713800000, 0x0000000713800000|100%| O|  |TAMS 0x0000000713600000| PB 0x0000000713600000| Untracked |  0
| 127|0x0000000713800000, 0x0000000713800000, 0x0000000713a00000|  0%| F|  |TAMS 0x0000000713800000| PB 0x0000000713800000| Untracked |  0
| 128|0x0000000713a00000, 0x0000000713a00000, 0x0000000713c00000|  0%| F|  |TAMS 0x0000000713a00000| PB 0x0000000713a00000| Untracked |  0
| 129|0x0000000713c00000, 0x0000000713c00000, 0x0000000713e00000|  0%| F|  |TAMS 0x0000000713c00000| PB 0x0000000713c00000| Untracked |  0
| 130|0x0000000713e00000, 0x0000000713e00000, 0x0000000714000000|  0%| F|  |TAMS 0x0000000713e00000| PB 0x0000000713e00000| Untracked |  0
| 131|0x0000000714000000, 0x0000000714000000, 0x0000000714200000|  0%| F|  |TAMS 0x0000000714000000| PB 0x0000000714000000| Untracked |  0
| 132|0x0000000714200000, 0x0000000714400000, 0x0000000714400000|100%| O|  |TAMS 0x0000000714200000| PB 0x0000000714200000| Untracked |  0
| 133|0x0000000714400000, 0x0000000714600000, 0x0000000714600000|100%| O|  |TAMS 0x0000000714400000| PB 0x0000000714400000| Untracked |  0
| 134|0x0000000714600000, 0x0000000714800000, 0x0000000714800000|100%| O|  |TAMS 0x0000000714600000| PB 0x0000000714600000| Untracked |  0
| 135|0x0000000714800000, 0x0000000714a00000, 0x0000000714a00000|100%| O|  |TAMS 0x0000000714800000| PB 0x0000000714800000| Untracked |  0
| 136|0x0000000714a00000, 0x0000000714c00000, 0x0000000714c00000|100%| O|  |TAMS 0x0000000714a00000| PB 0x0000000714a00000| Untracked |  0
| 137|0x0000000714c00000, 0x0000000714e00000, 0x0000000714e00000|100%| O|  |TAMS 0x0000000714c00000| PB 0x0000000714c00000| Untracked |  0
| 138|0x0000000714e00000, 0x0000000715000000, 0x0000000715000000|100%| O|  |TAMS 0x0000000714e00000| PB 0x0000000714e00000| Untracked |  0
| 139|0x0000000715000000, 0x0000000715200000, 0x0000000715200000|100%| O|  |TAMS 0x0000000715000000| PB 0x0000000715000000| Untracked |  0
| 140|0x0000000715200000, 0x0000000715400000, 0x0000000715400000|100%| O|  |TAMS 0x0000000715200000| PB 0x0000000715200000| Untracked |  0
| 141|0x0000000715400000, 0x0000000715400000, 0x0000000715600000|  0%| F|  |TAMS 0x0000000715400000| PB 0x0000000715400000| Untracked |  0
| 142|0x0000000715600000, 0x0000000715600000, 0x0000000715800000|  0%| F|  |TAMS 0x0000000715600000| PB 0x0000000715600000| Untracked |  0
| 143|0x0000000715800000, 0x0000000715800000, 0x0000000715a00000|  0%| F|  |TAMS 0x0000000715800000| PB 0x0000000715800000| Untracked |  0
| 144|0x0000000715a00000, 0x0000000715a00000, 0x0000000715c00000|  0%| F|  |TAMS 0x0000000715a00000| PB 0x0000000715a00000| Untracked |  0
| 145|0x0000000715c00000, 0x0000000715c00000, 0x0000000715e00000|  0%| F|  |TAMS 0x0000000715c00000| PB 0x0000000715c00000| Untracked |  0
| 146|0x0000000715e00000, 0x0000000715e00000, 0x0000000716000000|  0%| F|  |TAMS 0x0000000715e00000| PB 0x0000000715e00000| Untracked |  0
| 147|0x0000000716000000, 0x0000000716200000, 0x0000000716200000|100%| O|  |TAMS 0x0000000716000000| PB 0x0000000716000000| Untracked |  0
| 148|0x0000000716200000, 0x000000071621bb70, 0x0000000716400000|  5%| O|  |TAMS 0x0000000716200000| PB 0x0000000716200000| Untracked |  0
| 149|0x0000000716400000, 0x0000000716400000, 0x0000000716600000|  0%| F|  |TAMS 0x0000000716400000| PB 0x0000000716400000| Untracked |  0
| 150|0x0000000716600000, 0x0000000716600000, 0x0000000716800000|  0%| F|  |TAMS 0x0000000716600000| PB 0x0000000716600000| Untracked |  0
| 151|0x0000000716800000, 0x0000000716800000, 0x0000000716a00000|  0%| F|  |TAMS 0x0000000716800000| PB 0x0000000716800000| Untracked |  0
| 152|0x0000000716a00000, 0x0000000716a00000, 0x0000000716c00000|  0%| F|  |TAMS 0x0000000716a00000| PB 0x0000000716a00000| Untracked |  0
| 153|0x0000000716c00000, 0x0000000716c00000, 0x0000000716e00000|  0%| F|  |TAMS 0x0000000716c00000| PB 0x0000000716c00000| Untracked |  0
| 154|0x0000000716e00000, 0x0000000716e00000, 0x0000000717000000|  0%| F|  |TAMS 0x0000000716e00000| PB 0x0000000716e00000| Untracked |  0
| 155|0x0000000717000000, 0x0000000717000000, 0x0000000717200000|  0%| F|  |TAMS 0x0000000717000000| PB 0x0000000717000000| Untracked |  0
| 156|0x0000000717200000, 0x0000000717200000, 0x0000000717400000|  0%| F|  |TAMS 0x0000000717200000| PB 0x0000000717200000| Untracked |  0
| 157|0x0000000717400000, 0x0000000717400000, 0x0000000717600000|  0%| F|  |TAMS 0x0000000717400000| PB 0x0000000717400000| Untracked |  0
| 158|0x0000000717600000, 0x0000000717600000, 0x0000000717800000|  0%| F|  |TAMS 0x0000000717600000| PB 0x0000000717600000| Untracked |  0
| 159|0x0000000717800000, 0x0000000717800000, 0x0000000717a00000|  0%| F|  |TAMS 0x0000000717800000| PB 0x0000000717800000| Untracked |  0
| 160|0x0000000717a00000, 0x0000000717a00000, 0x0000000717c00000|  0%| F|  |TAMS 0x0000000717a00000| PB 0x0000000717a00000| Untracked |  0
| 161|0x0000000717c00000, 0x0000000717c00000, 0x0000000717e00000|  0%| F|  |TAMS 0x0000000717c00000| PB 0x0000000717c00000| Untracked |  0
| 162|0x0000000717e00000, 0x0000000717e00000, 0x0000000718000000|  0%| F|  |TAMS 0x0000000717e00000| PB 0x0000000717e00000| Untracked |  0
| 163|0x0000000718000000, 0x0000000718000000, 0x0000000718200000|  0%| F|  |TAMS 0x0000000718000000| PB 0x0000000718000000| Untracked |  0
| 164|0x0000000718200000, 0x0000000718200000, 0x0000000718400000|  0%| F|  |TAMS 0x0000000718200000| PB 0x0000000718200000| Untracked |  0
| 165|0x0000000718400000, 0x0000000718400000, 0x0000000718600000|  0%| F|  |TAMS 0x0000000718400000| PB 0x0000000718400000| Untracked |  0
| 166|0x0000000718600000, 0x0000000718600000, 0x0000000718800000|  0%| F|  |TAMS 0x0000000718600000| PB 0x0000000718600000| Untracked |  0
| 167|0x0000000718800000, 0x0000000718800000, 0x0000000718a00000|  0%| F|  |TAMS 0x0000000718800000| PB 0x0000000718800000| Untracked |  0
| 168|0x0000000718a00000, 0x0000000718a00000, 0x0000000718c00000|  0%| F|  |TAMS 0x0000000718a00000| PB 0x0000000718a00000| Untracked |  0
| 169|0x0000000718c00000, 0x0000000718c00000, 0x0000000718e00000|  0%| F|  |TAMS 0x0000000718c00000| PB 0x0000000718c00000| Untracked |  0
| 170|0x0000000718e00000, 0x0000000718e00000, 0x0000000719000000|  0%| F|  |TAMS 0x0000000718e00000| PB 0x0000000718e00000| Untracked |  0
| 171|0x0000000719000000, 0x0000000719000000, 0x0000000719200000|  0%| F|  |TAMS 0x0000000719000000| PB 0x0000000719000000| Untracked |  0
| 172|0x0000000719200000, 0x0000000719200000, 0x0000000719400000|  0%| F|  |TAMS 0x0000000719200000| PB 0x0000000719200000| Untracked |  0
| 173|0x0000000719400000, 0x0000000719400000, 0x0000000719600000|  0%| F|  |TAMS 0x0000000719400000| PB 0x0000000719400000| Untracked |  0
| 174|0x0000000719600000, 0x0000000719600000, 0x0000000719800000|  0%| F|  |TAMS 0x0000000719600000| PB 0x0000000719600000| Untracked |  0
| 175|0x0000000719800000, 0x0000000719800000, 0x0000000719a00000|  0%| F|  |TAMS 0x0000000719800000| PB 0x0000000719800000| Untracked |  0
| 176|0x0000000719a00000, 0x0000000719a00000, 0x0000000719c00000|  0%| F|  |TAMS 0x0000000719a00000| PB 0x0000000719a00000| Untracked |  0
| 177|0x0000000719c00000, 0x0000000719c00000, 0x0000000719e00000|  0%| F|  |TAMS 0x0000000719c00000| PB 0x0000000719c00000| Untracked |  0
| 178|0x0000000719e00000, 0x0000000719f5f940, 0x000000071a000000| 68%| S|CS|TAMS 0x0000000719e00000| PB 0x0000000719e00000| Complete |  0
| 179|0x000000071a000000, 0x000000071a200000, 0x000000071a200000|100%| S|CS|TAMS 0x000000071a000000| PB 0x000000071a000000| Complete |  0
| 180|0x000000071a200000, 0x000000071a400000, 0x000000071a400000|100%| S|CS|TAMS 0x000000071a200000| PB 0x000000071a200000| Complete |  0
| 181|0x000000071a400000, 0x000000071a600000, 0x000000071a600000|100%| S|CS|TAMS 0x000000071a400000| PB 0x000000071a400000| Complete |  0
| 182|0x000000071a600000, 0x000000071a800000, 0x000000071a800000|100%| S|CS|TAMS 0x000000071a600000| PB 0x000000071a600000| Complete |  0
| 183|0x000000071a800000, 0x000000071a800000, 0x000000071aa00000|  0%| F|  |TAMS 0x000000071a800000| PB 0x000000071a800000| Untracked |  0
| 184|0x000000071aa00000, 0x000000071aa00000, 0x000000071ac00000|  0%| F|  |TAMS 0x000000071aa00000| PB 0x000000071aa00000| Untracked |  0
| 185|0x000000071ac00000, 0x000000071ac00000, 0x000000071ae00000|  0%| F|  |TAMS 0x000000071ac00000| PB 0x000000071ac00000| Untracked |  0
| 186|0x000000071ae00000, 0x000000071ae00000, 0x000000071b000000|  0%| F|  |TAMS 0x000000071ae00000| PB 0x000000071ae00000| Untracked |  0
| 187|0x000000071b000000, 0x000000071b000000, 0x000000071b200000|  0%| F|  |TAMS 0x000000071b000000| PB 0x000000071b000000| Untracked |  0
| 188|0x000000071b200000, 0x000000071b200000, 0x000000071b400000|  0%| F|  |TAMS 0x000000071b200000| PB 0x000000071b200000| Untracked |  0
| 189|0x000000071b400000, 0x000000071b400000, 0x000000071b600000|  0%| F|  |TAMS 0x000000071b400000| PB 0x000000071b400000| Untracked |  0
| 190|0x000000071b600000, 0x000000071b600000, 0x000000071b800000|  0%| F|  |TAMS 0x000000071b600000| PB 0x000000071b600000| Untracked |  0
| 191|0x000000071b800000, 0x000000071b800000, 0x000000071ba00000|  0%| F|  |TAMS 0x000000071b800000| PB 0x000000071b800000| Untracked |  0
| 192|0x000000071ba00000, 0x000000071ba00000, 0x000000071bc00000|  0%| F|  |TAMS 0x000000071ba00000| PB 0x000000071ba00000| Untracked |  0
| 193|0x000000071bc00000, 0x000000071bc00000, 0x000000071be00000|  0%| F|  |TAMS 0x000000071bc00000| PB 0x000000071bc00000| Untracked |  0
| 194|0x000000071be00000, 0x000000071be00000, 0x000000071c000000|  0%| F|  |TAMS 0x000000071be00000| PB 0x000000071be00000| Untracked |  0
| 195|0x000000071c000000, 0x000000071c000000, 0x000000071c200000|  0%| F|  |TAMS 0x000000071c000000| PB 0x000000071c000000| Untracked |  0
| 196|0x000000071c200000, 0x000000071c200000, 0x000000071c400000|  0%| F|  |TAMS 0x000000071c200000| PB 0x000000071c200000| Untracked |  0
| 197|0x000000071c400000, 0x000000071c400000, 0x000000071c600000|  0%| F|  |TAMS 0x000000071c400000| PB 0x000000071c400000| Untracked |  0
| 198|0x000000071c600000, 0x000000071c600000, 0x000000071c800000|  0%| F|  |TAMS 0x000000071c600000| PB 0x000000071c600000| Untracked |  0
| 199|0x000000071c800000, 0x000000071c800000, 0x000000071ca00000|  0%| F|  |TAMS 0x000000071c800000| PB 0x000000071c800000| Untracked |  0
| 200|0x000000071ca00000, 0x000000071ca00000, 0x000000071cc00000|  0%| F|  |TAMS 0x000000071ca00000| PB 0x000000071ca00000| Untracked |  0
| 201|0x000000071cc00000, 0x000000071cc00000, 0x000000071ce00000|  0%| F|  |TAMS 0x000000071cc00000| PB 0x000000071cc00000| Untracked |  0
| 202|0x000000071ce00000, 0x000000071ce00000, 0x000000071d000000|  0%| F|  |TAMS 0x000000071ce00000| PB 0x000000071ce00000| Untracked |  0
| 203|0x000000071d000000, 0x000000071d000000, 0x000000071d200000|  0%| F|  |TAMS 0x000000071d000000| PB 0x000000071d000000| Untracked |  0
| 204|0x000000071d200000, 0x000000071d200000, 0x000000071d400000|  0%| F|  |TAMS 0x000000071d200000| PB 0x000000071d200000| Untracked |  0
| 205|0x000000071d400000, 0x000000071d400000, 0x000000071d600000|  0%| F|  |TAMS 0x000000071d400000| PB 0x000000071d400000| Untracked |  0
| 206|0x000000071d600000, 0x000000071d600000, 0x000000071d800000|  0%| F|  |TAMS 0x000000071d600000| PB 0x000000071d600000| Untracked |  0
| 207|0x000000071d800000, 0x000000071d800000, 0x000000071da00000|  0%| F|  |TAMS 0x000000071d800000| PB 0x000000071d800000| Untracked |  0
| 208|0x000000071da00000, 0x000000071da00000, 0x000000071dc00000|  0%| F|  |TAMS 0x000000071da00000| PB 0x000000071da00000| Untracked |  0
| 209|0x000000071dc00000, 0x000000071dc00000, 0x000000071de00000|  0%| F|  |TAMS 0x000000071dc00000| PB 0x000000071dc00000| Untracked |  0
| 210|0x000000071de00000, 0x000000071de00000, 0x000000071e000000|  0%| F|  |TAMS 0x000000071de00000| PB 0x000000071de00000| Untracked |  0
| 211|0x000000071e000000, 0x000000071e000000, 0x000000071e200000|  0%| F|  |TAMS 0x000000071e000000| PB 0x000000071e000000| Untracked |  0
| 212|0x000000071e200000, 0x000000071e200000, 0x000000071e400000|  0%| F|  |TAMS 0x000000071e200000| PB 0x000000071e200000| Untracked |  0
| 213|0x000000071e400000, 0x000000071e400000, 0x000000071e600000|  0%| F|  |TAMS 0x000000071e400000| PB 0x000000071e400000| Untracked |  0
| 214|0x000000071e600000, 0x000000071e600000, 0x000000071e800000|  0%| F|  |TAMS 0x000000071e600000| PB 0x000000071e600000| Untracked |  0
| 215|0x000000071e800000, 0x000000071e800000, 0x000000071ea00000|  0%| F|  |TAMS 0x000000071e800000| PB 0x000000071e800000| Untracked |  0
|2018|0x00000007ffe00000, 0x00000007ffe00000, 0x0000000800000000|  0%| F|  |TAMS 0x00000007ffe00000| PB 0x00000007ffe00000| Untracked |  0

Card table byte_map: [0x0000021b73ca0000,0x0000021b74490000] _byte_map_base: 0x0000021b70483000

Marking Bits: (CMBitMap*) 0x0000021b5b727d30
 Bits: [0x0000021b74490000, 0x0000021b783a8000)

Polling page: 0x0000021b59780000

Metaspace:

Usage:
  Non-class:     13.23 MB used.
      Class:      1.83 MB used.
       Both:     15.07 MB used.

Virtual space:
  Non-class space:       64.00 MB reserved,      13.31 MB ( 21%) committed,  1 nodes.
      Class space:        1.00 GB reserved,       1.94 MB ( <1%) committed,  1 nodes.
             Both:        1.06 GB reserved,      15.25 MB (  1%) committed. 

Chunk freelists:
   Non-Class:  2.38 MB
       Class:  14.10 MB
        Both:  16.48 MB

MaxMetaspaceSize: unlimited
CompressedClassSpaceSize: 1.00 GB
Initial GC threshold: 21.00 MB
Current GC threshold: 21.50 MB
CDS: on
 - commit_granule_bytes: 65536.
 - commit_granule_words: 8192.
 - virtual_space_node_default_size: 8388608.
 - enlarge_chunks_in_place: 1.
UseCompressedClassPointers 1, UseCompactObjectHeaders 0
Narrow klass pointer bits 32, Max shift 3
Narrow klass base: 0x0000021b00000000, Narrow klass shift: 0
Encoding Range: [0x0000021b00000000 - 0x0000021c00000000), (4294967296 bytes)
Klass Range:    [0x0000021b00000000 - 0x0000021b41000000), (1090519040 bytes)
Klass ID Range:  [8 - 1090519033) (1090519025)


Internal statistics:

num_allocs_failed_limit: 0.
num_arena_births: 152.
num_arena_deaths: 0.
num_vsnodes_births: 2.
num_vsnodes_deaths: 0.
num_space_committed: 244.
num_space_uncommitted: 0.
num_chunks_returned_to_freelist: 0.
num_chunks_taken_from_freelist: 644.
num_chunk_merges: 0.
num_chunk_splits: 470.
num_chunks_enlarged: 382.
num_inconsistent_stats: 0.

CodeHeap 'non-profiled nmethods': size=120064Kb used=2362Kb max_used=2362Kb free=117701Kb
 bounds [0x0000021b6ba20000, 0x0000021b6bc90000, 0x0000021b72f60000]
CodeHeap 'profiled nmethods': size=120000Kb used=6864Kb max_used=6864Kb free=113135Kb
 bounds [0x0000021b63f60000, 0x0000021b64620000, 0x0000021b6b490000]
CodeHeap 'non-nmethods': size=5696Kb used=1835Kb max_used=2024Kb free=3860Kb
 bounds [0x0000021b6b490000, 0x0000021b6b700000, 0x0000021b6ba20000]
CodeCache: size=245760Kb, used=11061Kb, max_used=11250Kb, free=234696Kb
 total_blobs=5213, nmethods=4408, adapters=708, full_count=0
Compilation: enabled, stopped_count=0, restarted_count=0

Compilation events (20 events):
Event: 22.412 Thread 0x0000021b4503d9b0 4791       4       java.lang.ThreadLocal::get (8 bytes)
Event: 22.413 Thread 0x0000021b4503d9b0 nmethod 4791 0x0000021b6bc62b08 code [0x0000021b6bc62c20, 0x0000021b6bc62dd8]
Event: 22.599 Thread 0x0000021b45048c90 4792       3       javafx.scene.control.Labeled::isWrapText (22 bytes)
Event: 22.599 Thread 0x0000021b45048c90 nmethod 4792 0x0000021b64613788 code [0x0000021b646138e0, 0x0000021b64613e68]
Event: 22.946 Thread 0x0000021b4503d9b0 4793   !   4       java.util.concurrent.locks.AbstractQueuedSynchronizer::tryInitializeHead (66 bytes)
Event: 22.948 Thread 0x0000021b4503d9b0 nmethod 4793 0x0000021b6bc62e88 code [0x0000021b6bc62fa0, 0x0000021b6bc63348]
Event: 22.960 Thread 0x0000021b4503d9b0 4794       4       java.util.concurrent.locks.AbstractQueuedSynchronizer$Node::clearStatus (12 bytes)
Event: 22.961 Thread 0x0000021b4503d9b0 nmethod 4794 0x0000021b6bc63388 code [0x0000021b6bc63480, 0x0000021b6bc634f8]
Event: 23.392 Thread 0x0000021b4503d9b0 4795       4       java.util.Formatter$FormatSpecifier::localizedMagnitude (381 bytes)
Event: 23.419 Thread 0x0000021b4503d9b0 nmethod 4795 0x0000021b6bc63688 code [0x0000021b6bc639a0, 0x0000021b6bc653c0]
Event: 23.600 Thread 0x0000021b45048c90 4796       3       java.lang.String::toCharArray (25 bytes)
Event: 23.601 Thread 0x0000021b45048c90 nmethod 4796 0x0000021b64613f08 code [0x0000021b64614040, 0x0000021b64614350]
Event: 23.878 Thread 0x0000021b4503d9b0 4797       4       com.sun.javafx.font.CompositeFontResource::isColorGlyph (28 bytes)
Event: 23.881 Thread 0x0000021b4503d9b0 nmethod 4797 0x0000021b6bc65588 code [0x0000021b6bc65700, 0x0000021b6bc65ee8]
Event: 24.502 Thread 0x0000021b4503d9b0 4798       4       com.sun.prism.impl.ps.BaseShaderGraphics::drawString (868 bytes)
Event: 24.592 Thread 0x0000021b4503d9b0 nmethod 4798 0x0000021b6bc65f88 code [0x0000021b6bc66680, 0x0000021b6bc6d1f0]
Event: 24.643 Thread 0x0000021b4503d9b0 4799       4       com.sun.javafx.scene.ParentHelper::updatePeerImpl (15 bytes)
Event: 24.653 Thread 0x0000021b4503d9b0 nmethod 4799 0x0000021b6bc6d808 code [0x0000021b6bc6daa0, 0x0000021b6bc6e4b8]
Event: 24.698 Thread 0x0000021b4503d9b0 4800       4       com.sun.javafx.geom.transform.BaseTransform::equals (164 bytes)
Event: 24.698 Thread 0x0000021b4503d9b0 nmethod 4800 0x0000021b6bc6e608 code [0x0000021b6bc6e720, 0x0000021b6bc6e900]

GC Heap History (17 events):
Event: 0.758 GC heap before
{Heap before GC invocations=0 (full 0):
 garbage-first heap   total reserved 4134912K, committed 262144K, used 87156K [0x0000000703a00000, 0x0000000800000000)
  region size 2048K, 24 young (49152K), 0 survivors (0K)
 Metaspace       used 7332K, committed 7552K, reserved 1114112K
  class space    used 753K, committed 832K, reserved 1048576K
}
Event: 0.763 GC heap after
{Heap after GC invocations=1 (full 0):
 garbage-first heap   total reserved 4134912K, committed 262144K, used 40445K [0x0000000703a00000, 0x0000000800000000)
  region size 2048K, 3 young (6144K), 3 survivors (6144K)
 Metaspace       used 7332K, committed 7552K, reserved 1114112K
  class space    used 753K, committed 832K, reserved 1048576K
}
Event: 7.154 GC heap before
{Heap before GC invocations=1 (full 0):
 garbage-first heap   total reserved 4134912K, committed 262144K, used 187901K [0x0000000703a00000, 0x0000000800000000)
  region size 2048K, 50 young (102400K), 3 survivors (6144K)
 Metaspace       used 12975K, committed 13184K, reserved 1114112K
  class space    used 1538K, committed 1600K, reserved 1048576K
}
Event: 7.164 GC heap after
{Heap after GC invocations=2 (full 0):
 garbage-first heap   total reserved 4134912K, committed 262144K, used 125958K [0x0000000703a00000, 0x0000000800000000)
  region size 2048K, 7 young (14336K), 7 survivors (14336K)
 Metaspace       used 12975K, committed 13184K, reserved 1114112K
  class space    used 1538K, committed 1600K, reserved 1048576K
}
Event: 7.236 GC heap before
{Heap before GC invocations=2 (full 0):
 garbage-first heap   total reserved 4134912K, committed 262144K, used 187398K [0x0000000703a00000, 0x0000000800000000)
  region size 2048K, 35 young (71680K), 7 survivors (14336K)
 Metaspace       used 12978K, committed 13184K, reserved 1114112K
  class space    used 1538K, committed 1600K, reserved 1048576K
}
Event: 7.246 GC heap after
{Heap after GC invocations=3 (full 0):
 garbage-first heap   total reserved 4134912K, committed 262144K, used 174141K [0x0000000703a00000, 0x0000000800000000)
  region size 2048K, 5 young (10240K), 5 survivors (10240K)
 Metaspace       used 12978K, committed 13184K, reserved 1114112K
  class space    used 1538K, committed 1600K, reserved 1048576K
}
Event: 7.259 GC heap before
{Heap before GC invocations=3 (full 0):
 garbage-first heap   total reserved 4134912K, committed 262144K, used 182333K [0x0000000703a00000, 0x0000000800000000)
  region size 2048K, 11 young (22528K), 5 survivors (10240K)
 Metaspace       used 12978K, committed 13184K, reserved 1114112K
  class space    used 1538K, committed 1600K, reserved 1048576K
}
Event: 7.262 GC heap after
{Heap after GC invocations=4 (full 0):
 garbage-first heap   total reserved 4134912K, committed 262144K, used 182333K [0x0000000703a00000, 0x0000000800000000)
  region size 2048K, 3 young (6144K), 3 survivors (6144K)
 Metaspace       used 12978K, committed 13184K, reserved 1114112K
  class space    used 1538K, committed 1600K, reserved 1048576K
}
Event: 7.343 GC heap before
{Heap before GC invocations=5 (full 0):
 garbage-first heap   total reserved 4134912K, committed 325632K, used 223293K [0x0000000703a00000, 0x0000000800000000)
  region size 2048K, 18 young (36864K), 3 survivors (6144K)
 Metaspace       used 13093K, committed 13312K, reserved 1114112K
  class space    used 1600K, committed 1664K, reserved 1048576K
}
Event: 7.347 GC heap after
{Heap after GC invocations=6 (full 0):
 garbage-first heap   total reserved 4134912K, committed 325632K, used 201734K [0x0000000703a00000, 0x0000000800000000)
  region size 2048K, 3 young (6144K), 3 survivors (6144K)
 Metaspace       used 13093K, committed 13312K, reserved 1114112K
  class space    used 1600K, committed 1664K, reserved 1048576K
}
Event: 7.409 GC heap before
{Heap before GC invocations=6 (full 0):
 garbage-first heap   total reserved 4134912K, committed 325632K, used 259078K [0x0000000703a00000, 0x0000000800000000)
  region size 2048K, 27 young (55296K), 3 survivors (6144K)
 Metaspace       used 13093K, committed 13312K, reserved 1114112K
  class space    used 1600K, committed 1664K, reserved 1048576K
}
Event: 7.416 GC heap after
{Heap after GC invocations=7 (full 0):
 garbage-first heap   total reserved 4134912K, committed 325632K, used 243601K [0x0000000703a00000, 0x0000000800000000)
  region size 2048K, 4 young (8192K), 4 survivors (8192K)
 Metaspace       used 13093K, committed 13312K, reserved 1114112K
  class space    used 1600K, committed 1664K, reserved 1048576K
}
Event: 7.448 GC heap before
{Heap before GC invocations=7 (full 0):
 garbage-first heap   total reserved 4134912K, committed 325632K, used 270225K [0x0000000703a00000, 0x0000000800000000)
  region size 2048K, 18 young (36864K), 4 survivors (8192K)
 Metaspace       used 13093K, committed 13312K, reserved 1114112K
  class space    used 1600K, committed 1664K, reserved 1048576K
}
Event: 7.452 GC heap after
{Heap after GC invocations=8 (full 0):
 garbage-first heap   total reserved 4134912K, committed 325632K, used 266129K [0x0000000703a00000, 0x0000000800000000)
  region size 2048K, 3 young (6144K), 3 survivors (6144K)
 Metaspace       used 13093K, committed 13312K, reserved 1114112K
  class space    used 1600K, committed 1664K, reserved 1048576K
}
Event: 7.481 GC heap before
{Heap before GC invocations=9 (full 0):
 garbage-first heap   total reserved 4134912K, committed 444416K, used 294801K [0x0000000703a00000, 0x0000000800000000)
  region size 2048K, 13 young (26624K), 3 survivors (6144K)
 Metaspace       used 13093K, committed 13312K, reserved 1114112K
  class space    used 1600K, committed 1664K, reserved 1048576K
}
Event: 7.484 GC heap after
{Heap after GC invocations=10 (full 0):
 garbage-first heap   total reserved 4134912K, committed 444416K, used 286609K [0x0000000703a00000, 0x0000000800000000)
  region size 2048K, 2 young (4096K), 2 survivors (4096K)
 Metaspace       used 13093K, committed 13312K, reserved 1114112K
  class space    used 1600K, committed 1664K, reserved 1048576K
}
Event: 24.767 GC heap before
{Heap before GC invocations=10 (full 0):
 garbage-first heap   total reserved 4134912K, committed 444416K, used 368529K [0x0000000703a00000, 0x0000000800000000)
  region size 2048K, 34 young (69632K), 2 survivors (4096K)
 Metaspace       used 15428K, committed 15616K, reserved 1114112K
  class space    used 1877K, committed 1984K, reserved 1048576K
}

Dll operation events (20 events):
Event: 0.263 Loaded shared library C:\Users\ACER NITRO 5\.openjfx\cache\24.0.1+4\amd64\api-ms-win-crt-math-l1-1-0.dll
Event: 0.265 Loaded shared library C:\Users\ACER NITRO 5\.openjfx\cache\24.0.1+4\amd64\api-ms-win-crt-multibyte-l1-1-0.dll
Event: 0.267 Loaded shared library C:\Users\ACER NITRO 5\.openjfx\cache\24.0.1+4\amd64\api-ms-win-crt-private-l1-1-0.dll
Event: 0.269 Loaded shared library C:\Users\ACER NITRO 5\.openjfx\cache\24.0.1+4\amd64\api-ms-win-crt-process-l1-1-0.dll
Event: 0.272 Loaded shared library C:\Users\ACER NITRO 5\.openjfx\cache\24.0.1+4\amd64\api-ms-win-crt-runtime-l1-1-0.dll
Event: 0.274 Loaded shared library C:\Users\ACER NITRO 5\.openjfx\cache\24.0.1+4\amd64\api-ms-win-crt-stdio-l1-1-0.dll
Event: 0.276 Loaded shared library C:\Users\ACER NITRO 5\.openjfx\cache\24.0.1+4\amd64\api-ms-win-crt-string-l1-1-0.dll
Event: 0.278 Loaded shared library C:\Users\ACER NITRO 5\.openjfx\cache\24.0.1+4\amd64\api-ms-win-crt-time-l1-1-0.dll
Event: 0.280 Loaded shared library C:\Users\ACER NITRO 5\.openjfx\cache\24.0.1+4\amd64\api-ms-win-crt-utility-l1-1-0.dll
Event: 0.291 Loaded shared library C:\Users\ACER NITRO 5\.openjfx\cache\24.0.1+4\amd64\ucrtbase.dll
Event: 0.294 Loaded shared library C:\Users\ACER NITRO 5\.openjfx\cache\24.0.1+4\amd64\vcruntime140.dll
Event: 0.296 Loaded shared library C:\Users\ACER NITRO 5\.openjfx\cache\24.0.1+4\amd64\vcruntime140_1.dll
Event: 0.302 Loaded shared library C:\Users\ACER NITRO 5\.openjfx\cache\24.0.1+4\amd64\msvcp140.dll
Event: 0.304 Loaded shared library C:\Users\ACER NITRO 5\.openjfx\cache\24.0.1+4\amd64\msvcp140_1.dll
Event: 0.308 Loaded shared library C:\Users\ACER NITRO 5\.openjfx\cache\24.0.1+4\amd64\msvcp140_2.dll
Event: 0.330 Loaded shared library C:\Users\ACER NITRO 5\.openjfx\cache\24.0.1+4\amd64\prism_d3d.dll
Event: 0.371 Loaded shared library C:\Users\ACER NITRO 5\.openjfx\cache\24.0.1+4\amd64\glass.dll
Event: 0.522 Loaded shared library C:\Users\ACER NITRO 5\.openjfx\cache\24.0.1+4\amd64\javafx_font.dll
Event: 0.552 Loaded shared library C:\Program Files\Java\jdk-24\bin\jimage.dll
Event: 0.735 Loaded shared library C:\Users\ACER NITRO 5\.openjfx\cache\24.0.1+4\amd64\javafx_iio.dll

Deoptimization events (20 events):
Event: 9.128 Thread 0x0000021b45c2ef40 DEOPT PACKING pc=0x0000021b63f8cfc1 sp=0x00000055503fd9c0
Event: 9.128 Thread 0x0000021b45c2ef40 DEOPT UNPACKING pc=0x0000021b6b4e6642 sp=0x00000055503fceb0 mode 0
Event: 10.202 Thread 0x0000021b45c2ef40 DEOPT PACKING pc=0x0000021b6440ccbf sp=0x00000055503feb20
Event: 10.202 Thread 0x0000021b45c2ef40 DEOPT UNPACKING pc=0x0000021b6b4e6642 sp=0x00000055503fdfd8 mode 0
Event: 10.710 Thread 0x0000021b45c2ef40 DEOPT PACKING pc=0x0000021b643e74ac sp=0x00000055503fdb70
Event: 10.710 Thread 0x0000021b45c2ef40 DEOPT UNPACKING pc=0x0000021b6b4e6642 sp=0x00000055503fd070 mode 0
Event: 12.460 Thread 0x0000021b45c2ef40 DEOPT PACKING pc=0x0000021b644d382d sp=0x00000055503fd9d0
Event: 12.460 Thread 0x0000021b45c2ef40 DEOPT UNPACKING pc=0x0000021b6b4e6642 sp=0x00000055503fce80 mode 0
Event: 12.606 Thread 0x0000021b45c2ef40 Uncommon trap: trap_request=0xffffff6e fr.pc=0x0000021b6bbec948 relative=0x00000000000008a8
Event: 12.606 Thread 0x0000021b45c2ef40 Uncommon trap: reason=loop_limit_check action=maybe_recompile pc=0x0000021b6bbec948 method=com.sun.javafx.sg.prism.NGGroup.computeRenderRoot(Lcom/sun/javafx/sg/prism/NodePath;Lcom/sun/javafx/geom/RectBounds;ILcom/sun/javafx/geom/transform/BaseTransform;Lc
Event: 12.606 Thread 0x0000021b45c2ef40 DEOPT PACKING pc=0x0000021b6bbec948 sp=0x00000055503fe620
Event: 12.606 Thread 0x0000021b45c2ef40 DEOPT UNPACKING pc=0x0000021b6b5b7b02 sp=0x00000055503fe550 mode 2
Event: 20.044 Thread 0x0000021b45c2ef40 Uncommon trap: trap_request=0xffffff4d fr.pc=0x0000021b6bc237d8 relative=0x00000000000006f8
Event: 20.044 Thread 0x0000021b45c2ef40 Uncommon trap: reason=unstable_if action=reinterpret pc=0x0000021b6bc237d8 method=com.sun.javafx.geom.Rectangle.intersectWith(Lcom/sun/javafx/geom/Rectangle;)V @ 88 c2
Event: 20.044 Thread 0x0000021b45c2ef40 DEOPT PACKING pc=0x0000021b6bc237d8 sp=0x00000055503fdd70
Event: 20.044 Thread 0x0000021b45c2ef40 DEOPT UNPACKING pc=0x0000021b6b5b7b02 sp=0x00000055503fdb60 mode 2
Event: 20.050 Thread 0x0000021b45c2ef40 Uncommon trap: trap_request=0xffffff4d fr.pc=0x0000021b6bc248b8 relative=0x0000000000000518
Event: 20.050 Thread 0x0000021b45c2ef40 Uncommon trap: reason=unstable_if action=reinterpret pc=0x0000021b6bc248b8 method=com.sun.javafx.geom.Rectangle.intersectWith(Lcom/sun/javafx/geom/Rectangle;)V @ 88 c2
Event: 20.050 Thread 0x0000021b45c2ef40 DEOPT PACKING pc=0x0000021b6bc248b8 sp=0x00000055503fdc80
Event: 20.050 Thread 0x0000021b45c2ef40 DEOPT UNPACKING pc=0x0000021b6b5b7b02 sp=0x00000055503fdb60 mode 2

Classes loaded (20 events):
Event: 7.521 Loading class java/util/Formatter$FormatSpecifierParser
Event: 7.521 Loading class java/util/Formatter$FormatSpecifierParser done
Event: 7.522 Loading class sun/text/resources/cldr/FormatData_en
Event: 7.522 Loading class sun/text/resources/cldr/FormatData_en done
Event: 7.523 Loading class sun/text/resources/cldr/FormatData_en_US
Event: 7.523 Loading class sun/text/resources/cldr/FormatData_en_US done
Event: 7.571 Loading class java/io/BufferedReader
Event: 7.571 Loading class java/io/BufferedReader done
Event: 7.571 Loading class java/io/CharArrayReader
Event: 7.572 Loading class java/io/CharArrayReader done
Event: 7.592 Loading class java/lang/invoke/MethodHandle$1
Event: 7.592 Loading class java/lang/invoke/MethodHandle$1 done
Event: 7.596 Loading class java/lang/FdLibm$Hypot
Event: 7.596 Loading class java/lang/FdLibm$Hypot done
Event: 7.669 Loading class java/lang/FdLibm$Cbrt
Event: 7.669 Loading class java/lang/FdLibm$Cbrt done
Event: 7.669 Loading class java/lang/FdLibm$Acos
Event: 7.669 Loading class java/lang/FdLibm$Acos done
Event: 11.238 Loading class java/lang/foreign/MemorySegment
Event: 11.238 Loading class java/lang/foreign/MemorySegment done

Classes unloaded (0 events):
No events

Classes redefined (0 events):
No events

Internal exceptions (20 events):
Event: 1.096 Thread 0x0000021b45d5a000 Exception <a 'java/lang/ClassNotFoundException'{0x0000000711d17e40}: com/sun/glass/ui/win/themes_ses_Latn_ML> (0x0000000711d17e40) 
thrown [s\open\src\hotspot\share\prims\jni.cpp, line 536]
Event: 1.096 Thread 0x0000021b45d5a000 Exception <a 'java/lang/ClassNotFoundException'{0x0000000711d19900}: com/sun/glass/ui/win/themes_doi_Deva> (0x0000000711d19900) 
thrown [s\open\src\hotspot\share\prims\jni.cpp, line 536]
Event: 1.096 Thread 0x0000021b45d5a000 Exception <a 'java/lang/ClassNotFoundException'{0x0000000711d1ab38}: com/sun/glass/ui/win/themes_doi_Deva_IN> (0x0000000711d1ab38) 
thrown [s\open\src\hotspot\share\prims\jni.cpp, line 536]
Event: 1.096 Thread 0x0000021b45d5a000 Exception <a 'java/lang/ClassNotFoundException'{0x0000000711d1bfb0}: com/sun/glass/ui/win/themes_fr_PM> (0x0000000711d1bfb0) 
thrown [s\open\src\hotspot\share\prims\jni.cpp, line 536]
Event: 1.096 Thread 0x0000021b45d5a000 Exception <a 'java/lang/ClassNotFoundException'{0x0000000711d1d5d8}: com/sun/glass/ui/win/themes_es_UY> (0x0000000711d1d5d8) 
thrown [s\open\src\hotspot\share\prims\jni.cpp, line 536]
Event: 1.096 Thread 0x0000021b45d5a000 Exception <a 'java/lang/ClassNotFoundException'{0x0000000711d1eb60}: com/sun/glass/ui/win/themes_gu_Gujr> (0x0000000711d1eb60) 
thrown [s\open\src\hotspot\share\prims\jni.cpp, line 536]
Event: 1.096 Thread 0x0000021b45d5a000 Exception <a 'java/lang/ClassNotFoundException'{0x0000000711d1fd98}: com/sun/glass/ui/win/themes_gu_Gujr_IN> (0x0000000711d1fd98) 
thrown [s\open\src\hotspot\share\prims\jni.cpp, line 536]
Event: 1.143 Thread 0x0000021b45d5a000 Exception <a 'java/lang/NoSuchMethodError'{0x00000007119286e0}: 'void java.lang.invoke.DirectMethodHandle$Holder.invokeStaticInit(java.lang.Object, java.lang.Object)'> (0x00000007119286e0) 
thrown [s\open\src\hotspot\share\interpreter\linkResolver.cpp, line 805]
Event: 1.181 Thread 0x0000021b45d5a000 Implicit null exception at 0x0000021b6ba3f7d6 to 0x0000021b6ba3f876
Event: 1.293 Thread 0x0000021b45d5a000 Exception <a 'java/lang/NoSuchMethodError'{0x0000000710c533b0}: 'java.lang.Object java.lang.invoke.DirectMethodHandle$Holder.invokeInterface(java.lang.Object, java.lang.Object, java.lang.Object)'> (0x0000000710c533b0) 
thrown [s\open\src\hotspot\share\interpreter\linkResolver.cpp, line 805]
Event: 1.293 Thread 0x0000021b45d5a000 Exception <a 'java/lang/IncompatibleClassChangeError'{0x0000000710c5b408}: Found class java.lang.Object, but interface was expected> (0x0000000710c5b408) 
thrown [s\open\src\hotspot\share\interpreter\linkResolver.cpp, line 872]
Event: 1.319 Thread 0x0000021b45d5a000 Exception <a 'java/lang/NoSuchMethodError'{0x0000000710a9adc8}: 'int java.lang.invoke.DirectMethodHandle$Holder.invokeSpecial(java.lang.Object, java.lang.Object, int)'> (0x0000000710a9adc8) 
thrown [s\open\src\hotspot\share\interpreter\linkResolver.cpp, line 805]
Event: 1.321 Thread 0x0000021b45d5a000 Exception <a 'java/lang/NoSuchMethodError'{0x0000000710abaef8}: 'java.lang.Object java.lang.invoke.DirectMethodHandle$Holder.invokeStatic(java.lang.Object, java.lang.Object, java.lang.Object, java.lang.Object, int)'> (0x0000000710abaef8) 
thrown [s\open\src\hotspot\share\interpreter\linkResolver.cpp, line 805]
Event: 1.322 Thread 0x0000021b45d5a000 Exception <a 'java/lang/NoSuchMethodError'{0x0000000710acc790}: 'int java.lang.invoke.DirectMethodHandle$Holder.invokeSpecial(java.lang.Object, java.lang.Object, java.lang.Object)'> (0x0000000710acc790) 
thrown [s\open\src\hotspot\share\interpreter\linkResolver.cpp, line 805]
Event: 1.332 Thread 0x0000021b45d5a000 Exception <a 'java/lang/NoSuchMethodError'{0x0000000710b65768}: 'java.lang.Object java.lang.invoke.DirectMethodHandle$Holder.newInvokeSpecial(java.lang.Object, java.lang.Object, int)'> (0x0000000710b65768) 
thrown [s\open\src\hotspot\share\interpreter\linkResolver.cpp, line 805]
Event: 1.370 Thread 0x0000021b45c2ef40 Exception <a 'java/lang/NoSuchMethodError'{0x00000007109653d8}: 'int java.lang.invoke.DirectMethodHandle$Holder.invokeStaticInit(java.lang.Object, java.lang.Object)'> (0x00000007109653d8) 
thrown [s\open\src\hotspot\share\interpreter\linkResolver.cpp, line 805]
Event: 3.089 Thread 0x0000021b45d5a000 Exception <a 'java/lang/NoSuchMethodError'{0x000000070fdcfbe8}: 'long java.lang.invoke.DirectMethodHandle$Holder.invokeStaticInit(java.lang.Object, java.lang.Object, java.lang.Object)'> (0x000000070fdcfbe8) 
thrown [s\open\src\hotspot\share\interpreter\linkResolver.cpp, line 805]
Event: 3.218 Thread 0x0000021b45d5a000 Exception <a 'java/lang/NoSuchMethodError'{0x000000070fa18288}: 'void java.lang.invoke.DirectMethodHandle$Holder.invokeVirtual(java.lang.Object, java.lang.Object)'> (0x000000070fa18288) 
thrown [s\open\src\hotspot\share\interpreter\linkResolver.cpp, line 805]
Event: 5.923 Thread 0x0000021b45d5a000 Exception <a 'java/lang/NoSuchMethodError'{0x000000070fb1e9b0}: 'java.lang.Object java.lang.invoke.DirectMethodHandle$Holder.newInvokeSpecial(java.lang.Object, java.lang.Object, int, int, int, int, int, java.lang.Object)'> (0x000000070fb1e9b0) 
thrown [s\open\src\hotspot\share\interpreter\linkResolver.cpp, line 805]
Event: 7.624 Thread 0x0000021b45c2ef40 Exception <a 'java/lang/NoSuchMethodError'{0x000000071e1fd978}: 'java.lang.Object java.lang.invoke.Invokers$Holder.invokeExact_MT(java.lang.Object, java.lang.Object, java.lang.Object, java.lang.Object, java.lang.Object)'> (0x000000071e1fd978) 
thrown [s\open\src\hotspot\share\interpreter\linkResolver.cpp, line 805]

VM Operations (20 events):
Event: 7.347 Executing VM operation: G1CollectForAllocation (G1 Evacuation Pause) done
Event: 7.409 Executing VM operation: G1CollectForAllocation (G1 Evacuation Pause)
Event: 7.416 Executing VM operation: G1CollectForAllocation (G1 Evacuation Pause) done
Event: 7.448 Executing VM operation: G1CollectForAllocation (G1 Evacuation Pause)
Event: 7.452 Executing VM operation: G1CollectForAllocation (G1 Evacuation Pause) done
Event: 7.456 Executing VM operation: G1PauseRemark
Event: 7.457 Executing VM operation: G1PauseRemark done
Event: 7.459 Executing VM operation: G1PauseCleanup
Event: 7.459 Executing VM operation: G1PauseCleanup done
Event: 7.481 Executing VM operation: G1CollectForAllocation (G1 Evacuation Pause)
Event: 7.484 Executing VM operation: G1CollectForAllocation (G1 Evacuation Pause) done
Event: 7.522 Executing VM operation: HandshakeAllThreads (Deoptimize)
Event: 7.522 Executing VM operation: HandshakeAllThreads (Deoptimize) done
Event: 7.523 Executing VM operation: HandshakeAllThreads (Deoptimize)
Event: 7.523 Executing VM operation: HandshakeAllThreads (Deoptimize) done
Event: 7.594 Executing VM operation: HandshakeAllThreads (Deoptimize)
Event: 7.594 Executing VM operation: HandshakeAllThreads (Deoptimize) done
Event: 7.600 Executing VM operation: HandshakeAllThreads (Deoptimize)
Event: 7.600 Executing VM operation: HandshakeAllThreads (Deoptimize) done
Event: 24.767 Executing VM operation: G1CollectForAllocation (G1 Evacuation Pause)

Memory protections (0 events):
No events

Nmethod flushes (20 events):
Event: 7.457 Thread 0x0000021b7ad1a700 flushing  nmethod 0x0000021b64141f08
Event: 7.457 Thread 0x0000021b7ad1a700 flushing  nmethod 0x0000021b64142208
Event: 7.457 Thread 0x0000021b7ad1a700 flushing  nmethod 0x0000021b64142688
Event: 7.457 Thread 0x0000021b7ad1a700 flushing  nmethod 0x0000021b64142b08
Event: 7.457 Thread 0x0000021b7ad1a700 flushing  nmethod 0x0000021b64143108
Event: 7.457 Thread 0x0000021b7ad1a700 flushing  nmethod 0x0000021b64143408
Event: 7.457 Thread 0x0000021b7ad1a700 flushing  nmethod 0x0000021b64143788
Event: 7.457 Thread 0x0000021b7ad1a700 flushing  nmethod 0x0000021b64143b08
Event: 7.457 Thread 0x0000021b7ad1a700 flushing  nmethod 0x0000021b64143e88
Event: 7.457 Thread 0x0000021b7ad1a700 flushing  nmethod 0x0000021b64145308
Event: 7.457 Thread 0x0000021b7ad1a700 flushing  nmethod 0x0000021b64145608
Event: 7.457 Thread 0x0000021b7ad1a700 flushing  nmethod 0x0000021b6416eb88
Event: 7.457 Thread 0x0000021b7ad1a700 flushing  nmethod 0x0000021b641a8808
Event: 7.457 Thread 0x0000021b7ad1a700 flushing  nmethod 0x0000021b641de588
Event: 7.457 Thread 0x0000021b7ad1a700 flushing  nmethod 0x0000021b641de888
Event: 7.457 Thread 0x0000021b7ad1a700 flushing  nmethod 0x0000021b641deb88
Event: 7.457 Thread 0x0000021b7ad1a700 flushing  nmethod 0x0000021b641df688
Event: 7.457 Thread 0x0000021b7ad1a700 flushing  nmethod 0x0000021b641df988
Event: 7.457 Thread 0x0000021b7ad1a700 flushing  nmethod 0x0000021b64250088
Event: 7.457 Thread 0x0000021b7ad1a700 flushing  nmethod 0x0000021b64250408

Events (20 events):
Event: 0.032 Thread 0x0000021b592b3f00 Thread added: 0x0000021b45039280
Event: 0.032 Thread 0x0000021b592b3f00 Thread added: 0x0000021b4503d9b0
Event: 0.032 Thread 0x0000021b592b3f00 Thread added: 0x0000021b45048c90
Event: 0.046 Thread 0x0000021b592b3f00 Thread added: 0x0000021b450d6300
Event: 0.077 Thread 0x0000021b45048c90 Thread added: 0x0000021b451e5520
Event: 0.079 Thread 0x0000021b45048c90 Thread added: 0x0000021b451f6fa0
Event: 0.104 Thread 0x0000021b592b3f00 Thread added: 0x0000021b453edd60
Event: 0.324 Thread 0x0000021b592b3f00 Thread added: 0x0000021b45c2ef40
Event: 0.373 Thread 0x0000021b592b3f00 Thread added: 0x0000021b45d723b0
Event: 0.375 Thread 0x0000021b592b3f00 Thread added: 0x0000021b45d5a000
Event: 0.471 Thread 0x0000021b592b3f00 Thread added: 0x0000021b46077c50
Event: 0.480 Thread 0x0000021b460dda10 Thread added: 0x0000021b460dda10
Event: 0.538 Thread 0x0000021b45d5a000 Thread added: 0x0000021b46146900
Event: 1.433 Thread 0x0000021b451f6fa0 Thread exited: 0x0000021b451f6fa0
Event: 1.468 Thread 0x0000021b45c2ef40 Thread added: 0x0000021b4614ec10
Event: 2.352 Thread 0x0000021b451e5520 Thread exited: 0x0000021b451e5520
Event: 7.086 Thread 0x0000021b4503d9b0 Thread added: 0x0000021b52c86010
Event: 7.300 Thread 0x0000021b52c86010 Thread exited: 0x0000021b52c86010
Event: 7.719 Thread 0x0000021b45048c90 Thread added: 0x0000021b4ed3b5c0
Event: 9.112 Thread 0x0000021b4ed3b5c0 Thread exited: 0x0000021b4ed3b5c0


Dynamic libraries:
0x00007ff6e6ee0000 - 0x00007ff6e6ef0000 	C:\Program Files\Java\jdk-24\bin\java.exe
0x00007ffe8b220000 - 0x00007ffe8b488000 	C:\WINDOWS\SYSTEM32\ntdll.dll
0x00007ffe892f0000 - 0x00007ffe893b9000 	C:\WINDOWS\System32\KERNEL32.DLL
0x00007ffe87ec0000 - 0x00007ffe882b1000 	C:\WINDOWS\System32\KERNELBASE.dll
0x00007ffe87d70000 - 0x00007ffe87ebb000 	C:\WINDOWS\System32\ucrtbase.dll
0x00007ffe5a100000 - 0x00007ffe5a11b000 	C:\Program Files\Java\jdk-24\bin\VCRUNTIME140.dll
0x00007ffe59ac0000 - 0x00007ffe59ad6000 	C:\Program Files\Java\jdk-24\bin\jli.dll
0x00007ffe893f0000 - 0x00007ffe895b6000 	C:\WINDOWS\System32\USER32.dll
0x00007ffe6f8e0000 - 0x00007ffe6fb73000 	C:\WINDOWS\WinSxS\amd64_microsoft.windows.common-controls_6595b64144ccf1df_6.0.26100.7824_none_3e0870b2e3345462\COMCTL32.dll
0x00007ffe88f90000 - 0x00007ffe88fb7000 	C:\WINDOWS\System32\win32u.dll
0x00007ffe8b130000 - 0x00007ffe8b1d9000 	C:\WINDOWS\System32\msvcrt.dll
0x00007ffe8b020000 - 0x00007ffe8b04b000 	C:\WINDOWS\System32\GDI32.dll
0x00007ffe87c40000 - 0x00007ffe87d6b000 	C:\WINDOWS\System32\gdi32full.dll
0x00007ffe88bf0000 - 0x00007ffe88c93000 	C:\WINDOWS\System32\msvcp_win.dll
0x00007ffe8abf0000 - 0x00007ffe8ac21000 	C:\WINDOWS\System32\IMM32.DLL
0x00007ffe668a0000 - 0x00007ffe668ac000 	C:\Program Files\Java\jdk-24\bin\vcruntime140_1.dll
0x00007ffe120b0000 - 0x00007ffe1213e000 	C:\Program Files\Java\jdk-24\bin\msvcp140.dll
0x00007ffde72e0000 - 0x00007ffde8082000 	C:\Program Files\Java\jdk-24\bin\server\jvm.dll
0x00007ffe89130000 - 0x00007ffe891e4000 	C:\WINDOWS\System32\ADVAPI32.dll
0x00007ffe8ab40000 - 0x00007ffe8abe6000 	C:\WINDOWS\System32\sechost.dll
0x00007ffe8aa10000 - 0x00007ffe8ab28000 	C:\WINDOWS\System32\RPCRT4.dll
0x00007ffe89fb0000 - 0x00007ffe8a024000 	C:\WINDOWS\System32\WS2_32.dll
0x00007ffe87960000 - 0x00007ffe879be000 	C:\WINDOWS\SYSTEM32\POWRPROF.dll
0x00007ffe7d3f0000 - 0x00007ffe7d3fb000 	C:\WINDOWS\SYSTEM32\VERSION.dll
0x00007ffe6fd60000 - 0x00007ffe6fd95000 	C:\WINDOWS\SYSTEM32\WINMM.dll
0x00007ffe87940000 - 0x00007ffe87954000 	C:\WINDOWS\SYSTEM32\UMPDC.dll
0x00007ffe86880000 - 0x00007ffe8689b000 	C:\WINDOWS\SYSTEM32\kernel.appcore.dll
0x00007ffe65820000 - 0x00007ffe6582a000 	C:\Program Files\Java\jdk-24\bin\jimage.dll
0x00007ffe85c20000 - 0x00007ffe85e62000 	C:\WINDOWS\SYSTEM32\DBGHELP.DLL
0x00007ffe89720000 - 0x00007ffe89aa6000 	C:\WINDOWS\System32\combase.dll
0x00007ffe8a030000 - 0x00007ffe8a107000 	C:\WINDOWS\System32\OLEAUT32.dll
0x00007ffe57a60000 - 0x00007ffe57a9b000 	C:\WINDOWS\SYSTEM32\dbgcore.DLL
0x00007ffe87b00000 - 0x00007ffe87ba5000 	C:\WINDOWS\System32\bcryptPrimitives.dll
0x00007ffe59aa0000 - 0x00007ffe59abe000 	C:\Program Files\Java\jdk-24\bin\java.dll
0x00007ffe8a110000 - 0x00007ffe8a2a7000 	C:\WINDOWS\System32\ole32.dll
0x00007ffe8a2b0000 - 0x00007ffe8aa02000 	C:\WINDOWS\System32\SHELL32.dll
0x00007ffe88ca0000 - 0x00007ffe88e0a000 	C:\WINDOWS\System32\wintypes.dll
0x00007ffe88380000 - 0x00007ffe88be3000 	C:\WINDOWS\System32\windows.storage.dll
0x00007ffe8ac30000 - 0x00007ffe8ad26000 	C:\WINDOWS\System32\SHCORE.dll
0x00007ffe895c0000 - 0x00007ffe89627000 	C:\WINDOWS\System32\shlwapi.dll
0x00007ffe87a20000 - 0x00007ffe87a49000 	C:\WINDOWS\SYSTEM32\profapi.dll
0x00007ffdff920000 - 0x00007ffdff9f7000 	C:\Program Files\Java\jdk-24\bin\jsvml.dll
0x00007ffe5cdd0000 - 0x00007ffe5cde0000 	C:\Program Files\Java\jdk-24\bin\net.dll
0x00007ffe86e10000 - 0x00007ffe86e7b000 	C:\WINDOWS\system32\mswsock.dll
0x00007ffe55c90000 - 0x00007ffe55ca6000 	C:\Program Files\Java\jdk-24\bin\nio.dll
0x00007ffe56440000 - 0x00007ffe56457000 	C:\Program Files\Java\jdk-24\bin\zip.dll
0x0000021b46d60000 - 0x0000021b46d64000 	C:\Users\ACER NITRO 5\.openjfx\cache\24.0.1+4\amd64\api-ms-win-core-console-l1-1-0.dll
0x0000021b46d70000 - 0x0000021b46d74000 	C:\Users\ACER NITRO 5\.openjfx\cache\24.0.1+4\amd64\api-ms-win-core-console-l1-2-0.dll
0x0000021b46d80000 - 0x0000021b46d84000 	C:\Users\ACER NITRO 5\.openjfx\cache\24.0.1+4\amd64\api-ms-win-core-datetime-l1-1-0.dll
0x0000021b46d90000 - 0x0000021b46d94000 	C:\Users\ACER NITRO 5\.openjfx\cache\24.0.1+4\amd64\api-ms-win-core-debug-l1-1-0.dll
0x0000021b46da0000 - 0x0000021b46da4000 	C:\Users\ACER NITRO 5\.openjfx\cache\24.0.1+4\amd64\api-ms-win-core-errorhandling-l1-1-0.dll
0x0000021b46db0000 - 0x0000021b46db5000 	C:\Users\ACER NITRO 5\.openjfx\cache\24.0.1+4\amd64\api-ms-win-core-file-l1-1-0.dll
0x0000021b46dc0000 - 0x0000021b46dc4000 	C:\Users\ACER NITRO 5\.openjfx\cache\24.0.1+4\amd64\api-ms-win-core-file-l1-2-0.dll
0x0000021b46dd0000 - 0x0000021b46dd4000 	C:\Users\ACER NITRO 5\.openjfx\cache\24.0.1+4\amd64\api-ms-win-core-file-l2-1-0.dll
0x0000021b46de0000 - 0x0000021b46de4000 	C:\Users\ACER NITRO 5\.openjfx\cache\24.0.1+4\amd64\api-ms-win-core-handle-l1-1-0.dll
0x0000021b46df0000 - 0x0000021b46df4000 	C:\Users\ACER NITRO 5\.openjfx\cache\24.0.1+4\amd64\api-ms-win-core-heap-l1-1-0.dll
0x0000021b46e00000 - 0x0000021b46e04000 	C:\Users\ACER NITRO 5\.openjfx\cache\24.0.1+4\amd64\api-ms-win-core-interlocked-l1-1-0.dll
0x0000021b46e10000 - 0x0000021b46e14000 	C:\Users\ACER NITRO 5\.openjfx\cache\24.0.1+4\amd64\api-ms-win-core-libraryloader-l1-1-0.dll
0x0000021b46e20000 - 0x0000021b46e24000 	C:\Users\ACER NITRO 5\.openjfx\cache\24.0.1+4\amd64\api-ms-win-core-localization-l1-2-0.dll
0x0000021b46e30000 - 0x0000021b46e34000 	C:\Users\ACER NITRO 5\.openjfx\cache\24.0.1+4\amd64\api-ms-win-core-memory-l1-1-0.dll
0x0000021b46e40000 - 0x0000021b46e44000 	C:\Users\ACER NITRO 5\.openjfx\cache\24.0.1+4\amd64\api-ms-win-core-namedpipe-l1-1-0.dll
0x0000021b46e50000 - 0x0000021b46e54000 	C:\Users\ACER NITRO 5\.openjfx\cache\24.0.1+4\amd64\api-ms-win-core-processenvironment-l1-1-0.dll
0x0000021b46e60000 - 0x0000021b46e64000 	C:\Users\ACER NITRO 5\.openjfx\cache\24.0.1+4\amd64\api-ms-win-core-processthreads-l1-1-0.dll
0x0000021b46e70000 - 0x0000021b46e74000 	C:\Users\ACER NITRO 5\.openjfx\cache\24.0.1+4\amd64\api-ms-win-core-processthreads-l1-1-1.dll
0x0000021b46e80000 - 0x0000021b46e84000 	C:\Users\ACER NITRO 5\.openjfx\cache\24.0.1+4\amd64\api-ms-win-core-profile-l1-1-0.dll
0x0000021b46e90000 - 0x0000021b46e94000 	C:\Users\ACER NITRO 5\.openjfx\cache\24.0.1+4\amd64\api-ms-win-core-rtlsupport-l1-1-0.dll
0x0000021b46ea0000 - 0x0000021b46ea4000 	C:\Users\ACER NITRO 5\.openjfx\cache\24.0.1+4\amd64\api-ms-win-core-string-l1-1-0.dll
0x0000021b46eb0000 - 0x0000021b46eb4000 	C:\Users\ACER NITRO 5\.openjfx\cache\24.0.1+4\amd64\api-ms-win-core-synch-l1-1-0.dll
0x0000021b46ec0000 - 0x0000021b46ec4000 	C:\Users\ACER NITRO 5\.openjfx\cache\24.0.1+4\amd64\api-ms-win-core-synch-l1-2-0.dll
0x0000021b46ed0000 - 0x0000021b46ed4000 	C:\Users\ACER NITRO 5\.openjfx\cache\24.0.1+4\amd64\api-ms-win-core-sysinfo-l1-1-0.dll
0x0000021b46ee0000 - 0x0000021b46ee4000 	C:\Users\ACER NITRO 5\.openjfx\cache\24.0.1+4\amd64\api-ms-win-core-timezone-l1-1-0.dll
0x0000021b46ef0000 - 0x0000021b46ef4000 	C:\Users\ACER NITRO 5\.openjfx\cache\24.0.1+4\amd64\api-ms-win-core-util-l1-1-0.dll
0x0000021b46f00000 - 0x0000021b46f04000 	C:\Users\ACER NITRO 5\.openjfx\cache\24.0.1+4\amd64\api-ms-win-crt-conio-l1-1-0.dll
0x0000021b46f10000 - 0x0000021b46f15000 	C:\Users\ACER NITRO 5\.openjfx\cache\24.0.1+4\amd64\api-ms-win-crt-convert-l1-1-0.dll
0x0000021b46f20000 - 0x0000021b46f24000 	C:\Users\ACER NITRO 5\.openjfx\cache\24.0.1+4\amd64\api-ms-win-crt-environment-l1-1-0.dll
0x0000021b46f30000 - 0x0000021b46f34000 	C:\Users\ACER NITRO 5\.openjfx\cache\24.0.1+4\amd64\api-ms-win-crt-filesystem-l1-1-0.dll
0x0000021b46f40000 - 0x0000021b46f44000 	C:\Users\ACER NITRO 5\.openjfx\cache\24.0.1+4\amd64\api-ms-win-crt-heap-l1-1-0.dll
0x0000021b46f50000 - 0x0000021b46f54000 	C:\Users\ACER NITRO 5\.openjfx\cache\24.0.1+4\amd64\api-ms-win-crt-locale-l1-1-0.dll
0x0000021b46f60000 - 0x0000021b46f66000 	C:\Users\ACER NITRO 5\.openjfx\cache\24.0.1+4\amd64\api-ms-win-crt-math-l1-1-0.dll
0x0000021b46f70000 - 0x0000021b46f76000 	C:\Users\ACER NITRO 5\.openjfx\cache\24.0.1+4\amd64\api-ms-win-crt-multibyte-l1-1-0.dll
0x0000021b46f80000 - 0x0000021b46f91000 	C:\Users\ACER NITRO 5\.openjfx\cache\24.0.1+4\amd64\api-ms-win-crt-private-l1-1-0.dll
0x0000021b46fa0000 - 0x0000021b46fa4000 	C:\Users\ACER NITRO 5\.openjfx\cache\24.0.1+4\amd64\api-ms-win-crt-process-l1-1-0.dll
0x0000021b46fb0000 - 0x0000021b46fb5000 	C:\Users\ACER NITRO 5\.openjfx\cache\24.0.1+4\amd64\api-ms-win-crt-runtime-l1-1-0.dll
0x0000021b46fc0000 - 0x0000021b46fc5000 	C:\Users\ACER NITRO 5\.openjfx\cache\24.0.1+4\amd64\api-ms-win-crt-stdio-l1-1-0.dll
0x0000021b46fd0000 - 0x0000021b46fd5000 	C:\Users\ACER NITRO 5\.openjfx\cache\24.0.1+4\amd64\api-ms-win-crt-string-l1-1-0.dll
0x0000021b46fe0000 - 0x0000021b46fe4000 	C:\Users\ACER NITRO 5\.openjfx\cache\24.0.1+4\amd64\api-ms-win-crt-time-l1-1-0.dll
0x0000021b46ff0000 - 0x0000021b46ff4000 	C:\Users\ACER NITRO 5\.openjfx\cache\24.0.1+4\amd64\api-ms-win-crt-utility-l1-1-0.dll
0x00007ffe11050000 - 0x00007ffe11161000 	C:\Users\ACER NITRO 5\.openjfx\cache\24.0.1+4\amd64\ucrtbase.dll
0x00007ffe67b00000 - 0x00007ffe67b1b000 	C:\Users\ACER NITRO 5\.openjfx\cache\24.0.1+4\amd64\vcruntime140.dll
0x00007ffe80580000 - 0x00007ffe8058c000 	C:\Users\ACER NITRO 5\.openjfx\cache\24.0.1+4\amd64\vcruntime140_1.dll
0x00007ffe29830000 - 0x00007ffe298be000 	C:\Users\ACER NITRO 5\.openjfx\cache\24.0.1+4\amd64\msvcp140.dll
0x00007ffe679f0000 - 0x00007ffe679f9000 	C:\Users\ACER NITRO 5\.openjfx\cache\24.0.1+4\amd64\msvcp140_1.dll
0x00007ffe4a570000 - 0x00007ffe4a5b1000 	C:\Users\ACER NITRO 5\.openjfx\cache\24.0.1+4\amd64\msvcp140_2.dll
0x00007ffe59800000 - 0x00007ffe59830000 	C:\Users\ACER NITRO 5\.openjfx\cache\24.0.1+4\amd64\prism_d3d.dll
0x00007ffe76680000 - 0x00007ffe76833000 	C:\WINDOWS\system32\d3d9.dll
0x00007ffe85290000 - 0x00007ffe852c1000 	C:\WINDOWS\SYSTEM32\dwmapi.dll
0x00007ffe850e0000 - 0x00007ffe85124000 	C:\WINDOWS\SYSTEM32\dxcore.dll
0x00007ffe85000000 - 0x00007ffe850ab000 	C:\WINDOWS\system32\uxtheme.dll
0x00007ffdb3a50000 - 0x00007ffdb3bb5000 	C:\WINDOWS\System32\DriverStore\FileRepository\iigd_dch.inf_amd64_e31d62740aef2af9\igdumdim64.dll
0x00007ffdafdf0000 - 0x00007ffdb3a46000 	C:\WINDOWS\System32\DriverStore\FileRepository\iigd_dch.inf_amd64_e31d62740aef2af9\igd9dxva64.dll
0x00007ffe89b00000 - 0x00007ffe89f89000 	C:\WINDOWS\System32\SETUPAPI.dll
0x00007ffe87670000 - 0x00007ffe876c7000 	C:\WINDOWS\SYSTEM32\cfgmgr32.dll
0x00007ffe7c890000 - 0x00007ffe7cc51000 	C:\WINDOWS\System32\DriverStore\FileRepository\iigd_dch.inf_amd64_e31d62740aef2af9\igdgmm64.dll
0x00007ffe804c0000 - 0x00007ffe80523000 	C:\WINDOWS\SYSTEM32\directxdatabasehelper.dll
0x00007ffe41e30000 - 0x00007ffe41e78000 	C:\Users\ACER NITRO 5\.openjfx\cache\24.0.1+4\amd64\glass.dll
0x00007ffe891f0000 - 0x00007ffe892df000 	C:\WINDOWS\System32\COMDLG32.dll
0x00007ffe8b050000 - 0x00007ffe8b100000 	C:\WINDOWS\System32\clbcatq.dll
0x00007ffe74c30000 - 0x00007ffe74d86000 	C:\Windows\System32\Windows.UI.dll
0x00007ffe58cf0000 - 0x00007ffe58dac000 	C:\Windows\System32\Windows.Networking.Connectivity.dll
0x00007ffe7d9a0000 - 0x00007ffe7dbe4000 	C:\Windows\System32\twinapi.appcore.dll
0x00007ffe88fc0000 - 0x00007ffe8911f000 	C:\WINDOWS\System32\MSCTF.dll
0x00007ffe20890000 - 0x00007ffe208b7000 	C:\WINDOWS\System32\DriverStore\FileRepository\iigd_dch.inf_amd64_e31d62740aef2af9\igdinfo64.dll
0x00007ffe795c0000 - 0x00007ffe7c7c6000 	C:\WINDOWS\System32\DriverStore\FileRepository\iigd_dch.inf_amd64_e31d62740aef2af9\igc64.dll
0x00007ffe727a0000 - 0x00007ffe728ef000 	C:\Windows\System32\Windows.UI.Immersive.dll
0x00007ffe78ab0000 - 0x00007ffe78ac9000 	C:\WINDOWS\System32\npmproxy.dll
0x00007ffe78d60000 - 0x00007ffe78df1000 	C:\WINDOWS\SYSTEM32\wlanapi.dll
0x00007ffe78d30000 - 0x00007ffe78d52000 	C:\WINDOWS\SYSTEM32\MobileNetworking.dll
0x00007ffe862c0000 - 0x00007ffe862f4000 	C:\Windows\System32\IPHLPAPI.DLL
0x00007ffe8b120000 - 0x00007ffe8b12a000 	C:\WINDOWS\System32\NSI.dll
0x00007ffe437b0000 - 0x00007ffe437c3000 	C:\Windows\System32\dusmapi.dll
0x00007ffe678f0000 - 0x00007ffe67905000 	C:\Users\ACER NITRO 5\.openjfx\cache\24.0.1+4\amd64\javafx_font.dll
0x00007ffe83970000 - 0x00007ffe83bd7000 	C:\WINDOWS\SYSTEM32\dwrite.dll
0x00007ffe52190000 - 0x00007ffe521bd000 	C:\Users\ACER NITRO 5\.openjfx\cache\24.0.1+4\amd64\javafx_iio.dll
0x00007ffe83730000 - 0x00007ffe8395f000 	C:\WINDOWS\SYSTEM32\WindowsCodecs.dll
0x00007ffe4cf60000 - 0x00007ffe4cfba000 	C:\WINDOWS\system32\dataexchange.dll
0x00007ffe43a50000 - 0x00007ffe43a7c000 	C:\Program Files\Common Files\Microsoft Shared\Ink\rtscom.dll
0x00007ffe6ec50000 - 0x00007ffe6ed99000 	C:\WINDOWS\SYSTEM32\textinputframework.dll
0x00007ffe84b00000 - 0x00007ffe84c27000 	C:\WINDOWS\SYSTEM32\CoreMessaging.dll

dbghelp: loaded successfully - version: 4.0.5 - missing functions: none
symbol engine: initialized successfully - sym options: 0x614 - pdb path: .;C:\Program Files\Java\jdk-24\bin;C:\WINDOWS\SYSTEM32;C:\WINDOWS\WinSxS\amd64_microsoft.windows.common-controls_6595b64144ccf1df_6.0.26100.7824_none_3e0870b2e3345462;C:\Program Files\Java\jdk-24\bin\server;C:\Users\ACER NITRO 5\.openjfx\cache\24.0.1+4\amd64;C:\WINDOWS\System32\DriverStore\FileRepository\iigd_dch.inf_amd64_e31d62740aef2af9;C:\Program Files\Common Files\Microsoft Shared\Ink

VM Arguments:
jvm_args: --module-path=C:\Users\ACER NITRO 5\.gradle\caches\modules-2\files-2.1\org.openjfx\javafx-fxml\24.0.1\182c98a223c2f3033e3a7dbacb65d039863f7cec\javafx-fxml-24.0.1-win.jar;C:\Users\ACER NITRO 5\.gradle\caches\modules-2\files-2.1\org.openjfx\javafx-web\24.0.1\978c92d29ea9a4ff2c842cfdeab1d4ccc10adb97\javafx-web-24.0.1-win.jar;C:\Users\ACER NITRO 5\.gradle\caches\modules-2\files-2.1\org.openjfx\javafx-controls\24.0.1\1a11fceb872b9d81234601a32b7bd0e9f9d40921\javafx-controls-24.0.1-win.jar;C:\Users\ACER NITRO 5\.gradle\caches\modules-2\files-2.1\org.openjfx\javafx-media\24.0.1\1804cd6df5a66c14fb304d15b7778d7d3a4dc54e\javafx-media-24.0.1-win.jar;C:\Users\ACER NITRO 5\.gradle\caches\modules-2\files-2.1\org.openjfx\javafx-swing\24.0.1\1bda1c4afb0926ae60b0e8f3b563d0a177c4915d\javafx-swing-24.0.1-win.jar;C:\Users\ACER NITRO 5\.gradle\caches\modules-2\files-2.1\org.openjfx\javafx-graphics\24.0.1\d432e25ea9cd73fb28b89658e0cba8b55e2b5b9\javafx-graphics-24.0.1-win.jar;C:\Users\ACER NITRO 5\.gradle\caches\modules-2\files-2.1\org.openjfx\javafx-base\24.0.1\4b10eb55326c5faae8b0fcaff99a0e8a09ee0624\javafx-base-24.0.1-win.jar --add-modules=javafx.controls,javafx.fxml,javafx.graphics,javafx.media,javafx.web,javafx.swing -Dfile.encoding=UTF-8 -Duser.country=US -Duser.language=en -Duser.variant 
java_command: application.Main
java_class_path (initial): D:\crossiant Game\CroissantFighter-main\build\classes\java\main;D:\crossiant Game\CroissantFighter-main\build\resources\main
Launcher Type: SUN_STANDARD

[Global flags]
     intx CICompilerCount                          = 4                                         {product} {ergonomic}
     uint ConcGCThreads                            = 3                                         {product} {ergonomic}
     uint G1ConcRefinementThreads                  = 10                                        {product} {ergonomic}
   size_t G1HeapRegionSize                         = 2097152                                   {product} {ergonomic}
   size_t InitialHeapSize                          = 266338304                                 {product} {ergonomic}
   size_t MarkStackSize                            = 4194304                                   {product} {ergonomic}
   size_t MarkStackSizeMax                         = 536870912                                 {product} {ergonomic}
   size_t MaxHeapSize                              = 4234149888                                {product} {ergonomic}
   size_t MaxNewSize                               = 2539651072                                {product} {ergonomic}
   size_t MinHeapDeltaBytes                        = 2097152                                   {product} {ergonomic}
   size_t MinHeapSize                              = 8388608                                   {product} {ergonomic}
    uintx NonNMethodCodeHeapSize                   = 5832704                                {pd product} {ergonomic}
    uintx NonProfiledCodeHeapSize                  = 122945536                              {pd product} {ergonomic}
    uintx ProfiledCodeHeapSize                     = 122880000                              {pd product} {ergonomic}
    uintx ReservedCodeCacheSize                    = 251658240                              {pd product} {ergonomic}
     bool SegmentedCodeCache                       = true                                      {product} {ergonomic}
   size_t SoftMaxHeapSize                          = 4234149888                             {manageable} {ergonomic}
     bool UseCompressedOops                        = true                           {product lp64_product} {ergonomic}
     bool UseG1GC                                  = true                                      {product} {ergonomic}
     bool UseLargePagesIndividualAllocation        = false                                  {pd product} {ergonomic}

Logging:
Log output configuration:
 #0: stdout all=warning uptime,level,tags foldmultilines=false
 #1: stderr all=off uptime,level,tags foldmultilines=false

Environment Variables:
JAVA_HOME=C:\Program Files\Java\jdk-24
PATH=C:\Python313\Scripts\;C:\Python313\;C:\Program Files\NVIDIA GPU Computing Toolkit\CUDA\v11.4\bin;C:\Program Files\NVIDIA GPU Computing Toolkit\CUDA\v11.4\libnvvp;C:\Program Files (x86)\Common Files\Oracle\Java\javapath;C:\Program Files (x86)\Common Files\Intel\Shared Libraries\redist\intel64_win\compiler;C:\Program Files (x86)\Common Files\Intel\Shared Libraries\redist\intel64\compiler;C:\Windows\system32;C:\Windows;C:\Windows\System32\Wbem;C:\Windows\System32\WindowsPowerShell\v1.0\;C:\Windows\System32\OpenSSH\;C:\Program Files (x86)\NVIDIA Corporation\PhysX\Common;C:\Program Files\NVIDIA Corporation\NVIDIA NvDLISR;C:\WINDOWS\system32;C:\WINDOWS;C:\WINDOWS\System32\Wbem;C:\WINDOWS\System32\WindowsPowerShell\v1.0\;C:\WINDOWS\System32\OpenSSH\;C:\Program Files (x86)\Windows Kits\10\Windows Performance Toolkit\;C:\Program Files\NVIDIA Corporation\Nsight Compute 2021.2.2\;C:\Program Files\MEGA11;C:\Program Files\nodejs\;C:\ProgramData\chocolatey\bin;C:\WINDOWS\system32;C:\WINDOWS;C:\WINDOWS\System32\Wbem;C:\WINDOWS\System32\WindowsPowerShell\v1.0\;C:\WINDOWS\System32\OpenSSH\;C:\Users\ACER NITRO 5\Downloads\ffmpeg-master-latest-win64-gpl\bin;C:\Program Files\Java\jdk-24\bin;C:\Program Files\Graphviz\bin;C:\Program Files\Docker\Docker\resources\bin;C:\Program Files\Git\cmd;C:\MinGW\bin;C:\Users\ACER NITRO 5\AppData\Local\Microsoft\WindowsApps;C:\Users\ACER NITRO 5\AppData\Local\Programs\Microsoft VS Code\bin;C:\Users\ACER NITRO 5\AppData\Roaming\npm;C:\Program Files\JetBrains\IntelliJ IDEA 2025.3.1\bin;C:\Users\ACER NITRO 5\AppData\Local\Programs\mongosh\
USERNAME=ACER NITRO 5
OS=Windows_NT
PROCESSOR_IDENTIFIER=Intel64 Family 6 Model 141 Stepping 1, GenuineIntel
TMP=C:\Users\ACERNI~1\AppData\Local\Temp
TEMP=C:\Users\ACERNI~1\AppData\Local\Temp




Periodic native trim disabled

---------------  S Y S T E M  ---------------

OS:
 Windows 11 , 64 bit Build 26100 (10.0.26100.7705)
OS uptime: 1 days 0:46 hours
Hyper-V role detected

CPU: total 12 (initial active 12) (6 cores per cpu, 2 threads per core) family 6 model 141 stepping 1 microcode 0x3c, cx8, cmov, fxsr, ht, mmx, 3dnowpref, sse, sse2, sse3, ssse3, sse4.1, sse4.2, popcnt, lzcnt, tsc, tscinvbit, avx, avx2, aes, erms, clmul, bmi1, bmi2, adx, avx512f, avx512dq, avx512cd, avx512bw, avx512vl, sha, fma, vzeroupper, avx512_vpopcntdq, avx512_vpclmulqdq, avx512_vaes, avx512_vnni, clflush, clflushopt, clwb, avx512_vbmi2, avx512_vbmi, hv, rdtscp, rdpid, fsrm, gfni, avx512_bitalg, f16c, cet_ibt, cet_ss, avx512_ifma
Processor Information for the first 12 processors :
  Max Mhz: 2688, Current Mhz: 2688, Mhz Limit: 2688

Memory: 4k page, system-wide physical 16147M (2292M free)
TotalPageFile size 20906M (AvailPageFile size 402M)
current process WorkingSet (physical memory assigned to process): 788M, peak: 788M
current process commit charge ("private bytes"): 874M, peak: 1306M

vm_info: Java HotSpot(TM) 64-Bit Server VM (24+36-3646) for windows-amd64 JRE (24+36-3646), built on 2025-02-06T00:20:43Z with MS VC++ 17.6 (VS2022)

END.
